Using pre-set license
Built from '2021.1/staging' branch; Version is '2021.1.21f1 (f2d5d3c59f8c) revision 15914451'; Using compiler version '192528614'; Build Type 'Release'
OS: 'Windows 10 Pro; OS build 22000.832; Version 2009; 64bit' Language: 'en' Physical Memory: 15970 MB
BatchMode: 1, IsHumanControllingUs: 0, StartBugReporterOnCrash: 0, Is64bit: 1, IsPro: 0

COMMAND LINE ARGUMENTS:
C:\Program Files\Unity\Hub\Editor\2021.1.21f1\Editor\Unity.exe
-adb2
-batchMode
-noUpm
-name
AssetImportWorker1
-projectPath
C:/Users/yuval/Documents/GitHub/Totem_Cnannite
-logFile
Logs/AssetImportWorker1.log
-srvPort
61301
Successfully changed project path to: C:/Users/yuval/Documents/GitHub/Totem_Cnannite
C:/Users/yuval/Documents/GitHub/Totem_Cnannite
Using Asset Import Pipeline V2.
Refreshing native plugins compatible for Editor in 201.40 ms, found 4 plugins.
Preloading 0 native plugins for Editor in 0.00 ms.
Initialize engine version: 2021.1.21f1 (f2d5d3c59f8c)
[Subsystems] Discovering subsystems at path C:/Program Files/Unity/Hub/Editor/2021.1.21f1/Editor/Data/Resources/UnitySubsystems
[Subsystems] Discovering subsystems at path C:/Users/yuval/Documents/GitHub/Totem_Cnannite/Assets
GfxDevice: creating device client; threaded=0; jobified=0
Direct3D:
    Version:  Direct3D 11.0 [level 11.1]
    Renderer: Intel(R) Iris(R) Plus Graphics (ID=0x8a52)
    Vendor:   Intel
    VRAM:     7985 MB
    Driver:   27.20.100.9621
Initialize mono
Mono path[0] = 'C:/Program Files/Unity/Hub/Editor/2021.1.21f1/Editor/Data/Managed'
Mono path[1] = 'C:/Program Files/Unity/Hub/Editor/2021.1.21f1/Editor/Data/MonoBleedingEdge/lib/mono/unityjit'
Mono config path = 'C:/Program Files/Unity/Hub/Editor/2021.1.21f1/Editor/Data/MonoBleedingEdge/etc'
Using monoOptions --debugger-agent=transport=dt_socket,embedding=1,server=y,suspend=n,address=127.0.0.1:56676
Begin MonoManager ReloadAssembly
Registering precompiled unity dll's ...
Register platform support module: C:/Program Files/Unity/Hub/Editor/2021.1.21f1/Editor/Data/PlaybackEngines/WindowsStandaloneSupport/UnityEditor.WindowsStandalone.Extensions.dll
Registered in 0.003521 seconds.
Native extension for WindowsStandalone target not found
Refreshing native plugins compatible for Editor in 266.98 ms, found 4 plugins.
Preloading 0 native plugins for Editor in 0.00 ms.
Mono: successfully reloaded assembly
- Completed reload, in  5.820 seconds
Domain Reload Profiling:
	ReloadAssembly (5821ms)
		BeginReloadAssembly (101ms)
			ExecutionOrderSort (0ms)
			DisableScriptedObjects (0ms)
			BackupInstance (0ms)
			ReleaseScriptingObjects (0ms)
			CreateAndSetChildDomain (2ms)
		EndReloadAssembly (1528ms)
			LoadAssemblies (96ms)
			RebuildTransferFunctionScriptingTraits (0ms)
			SetupTypeCache (699ms)
			ReleaseScriptCaches (0ms)
			RebuildScriptCaches (54ms)
			SetupLoadedEditorAssemblies (676ms)
				LogAssemblyErrors (0ms)
				InitializePlatformSupportModulesInManaged (13ms)
				SetLoadedEditorAssemblies (0ms)
				RefreshPlugins (267ms)
				BeforeProcessingInitializeOnLoad (3ms)
				ProcessInitializeOnLoadAttributes (287ms)
				ProcessInitializeOnLoadMethodAttributes (105ms)
				AfterProcessingInitializeOnLoad (0ms)
				EditorAssembliesLoaded (1ms)
			ExecutionOrderSort2 (0ms)
			AwakeInstancesAfterBackupRestoration (0ms)
Platform modules already initialized, skipping
Registering precompiled user dll's ...
Registered in 0.012945 seconds.
Begin MonoManager ReloadAssembly
Symbol file LoadedFromMemory doesn't match image C:\Users\yuval\Documents\GitHub\Totem_Cnannite\Library\PackageCache\com.unity.visualscripting@1.6.1\Editor\VisualScripting.Core\Dependencies\YamlDotNet\Unity.VisualScripting.YamlDotNet.dll
Symbol file LoadedFromMemory doesn't match image C:\Users\yuval\Documents\GitHub\Totem_Cnannite\Library\PackageCache\com.unity.visualscripting@1.6.1\Editor\VisualScripting.Core\Dependencies\DotNetZip\Unity.VisualScripting.IonicZip.dll
Native extension for WindowsStandalone target not found
Refreshing native plugins compatible for Editor in 308.72 ms, found 4 plugins.
Preloading 0 native plugins for Editor in 0.00 ms.
Mono: successfully reloaded assembly
- Completed reload, in  3.660 seconds
Domain Reload Profiling:
	ReloadAssembly (3661ms)
		BeginReloadAssembly (388ms)
			ExecutionOrderSort (0ms)
			DisableScriptedObjects (12ms)
			BackupInstance (0ms)
			ReleaseScriptingObjects (0ms)
			CreateAndSetChildDomain (47ms)
		EndReloadAssembly (3104ms)
			LoadAssemblies (274ms)
			RebuildTransferFunctionScriptingTraits (0ms)
			SetupTypeCache (938ms)
			ReleaseScriptCaches (1ms)
			RebuildScriptCaches (195ms)
			SetupLoadedEditorAssemblies (1426ms)
				LogAssemblyErrors (0ms)
				InitializePlatformSupportModulesInManaged (11ms)
				SetLoadedEditorAssemblies (0ms)
				RefreshPlugins (309ms)
				BeforeProcessingInitializeOnLoad (208ms)
				ProcessInitializeOnLoadAttributes (837ms)
				ProcessInitializeOnLoadMethodAttributes (48ms)
				AfterProcessingInitializeOnLoad (13ms)
				EditorAssembliesLoaded (0ms)
			ExecutionOrderSort2 (0ms)
			AwakeInstancesAfterBackupRestoration (22ms)
Platform modules already initialized, skipping
========================================================================
Worker process is ready to serve import requests
Launched and connected shader compiler UnityShaderCompiler.exe after 0.19 seconds
Refreshing native plugins compatible for Editor in 1.31 ms, found 4 plugins.
Preloading 0 native plugins for Editor in 0.00 ms.
Unloading 3771 Unused Serialized files (Serialized files now loaded: 0)
System memory in use before: 141.1 MB.
System memory in use after: 141.3 MB.

Unloading 30 unused Assets to reduce memory usage. Loaded Objects now: 4221.
Total: 8.125200 ms (FindLiveObjects: 0.680500 ms CreateObjectMapping: 0.392400 ms MarkObjects: 6.915300 ms  DeleteObjects: 0.133600 ms)

AssetImportParameters requested are different than current active one (requested -> active):
  custom:framework-win-MediaFoundation: 216162199b28c13a410421893ffa2e32 -> 
  custom:video-decoder-ogg-theora: a1e56fd34408186e4bbccfd4996cb3dc -> 
  custom:container-muxer-webm: aa71ff27fc2769a1b78a27578f13a17b -> 
  custom:container-demuxer-webm: 4f35f7cbe854078d1ac9338744f61a02 -> 
  custom:container-demuxer-ogg: 62fdf1f143b41e24485cea50d1cbac27 -> 
  custom:video-encoder-webm-vp8: eb34c28f22e8b96e1ab97ce403110664 -> 
  custom:video-codec-MediaFoundation-h265: 746d11721c4dcdbdad8f713fa42b33f4 -> 
  custom:video-decoder-webm-vp8: 9c59270c3fd7afecdb556c50c9e8de78 -> 
  custom:audio-decoder-ogg-vorbis: bf7c407c2cedff20999df2af8eb42d56 -> 
  custom:audio-encoder-webm-vorbis: bf7c407c2cedff20999df2af8eb42d56 -> 
========================================================================
Received Import Request.
  path: Assets/Scenes/4_Ending_Bad.unity
  artifactKey: Guid(19109561226217a439eda35276a6079a) Importer(815301076,1909f56bfc062723c751e8b465ee728b)
Start importing Assets/Scenes/4_Ending_Bad.unity using Guid(19109561226217a439eda35276a6079a) Importer(815301076,1909f56bfc062723c751e8b465ee728b)  -> (artifact id: '0b63b5d793750d3c76d5936ce7edd8bb') in 0.027195 seconds 
========================================================================
Received Import Request.
  Time since last request: 46.893487 seconds.
  path: Assets/Scenes/1_About Game.unity
  artifactKey: Guid(4ec16128bbd3e3d4c987f2f58e0cbe8c) Importer(815301076,1909f56bfc062723c751e8b465ee728b)
Start importing Assets/Scenes/1_About Game.unity using Guid(4ec16128bbd3e3d4c987f2f58e0cbe8c) Importer(815301076,1909f56bfc062723c751e8b465ee728b)  -> (artifact id: '33421de15ed02dc9ba6cc058cb5ec16d') in 0.008256 seconds 
========================================================================
Received Prepare
Registering precompiled user dll's ...
Registered in 0.007256 seconds.
Begin MonoManager ReloadAssembly
Symbol file LoadedFromMemory doesn't match image C:\Users\yuval\Documents\GitHub\Totem_Cnannite\Library\PackageCache\com.unity.visualscripting@1.6.1\Editor\VisualScripting.Core\Dependencies\YamlDotNet\Unity.VisualScripting.YamlDotNet.dll
Symbol file LoadedFromMemory doesn't match image C:\Users\yuval\Documents\GitHub\Totem_Cnannite\Library\PackageCache\com.unity.visualscripting@1.6.1\Editor\VisualScripting.Core\Dependencies\DotNetZip\Unity.VisualScripting.IonicZip.dll
Native extension for WindowsStandalone target not found
Refreshing native plugins compatible for Editor in 1.38 ms, found 4 plugins.
Preloading 0 native plugins for Editor in 0.00 ms.
Mono: successfully reloaded assembly
- Completed reload, in  1.907 seconds
Domain Reload Profiling:
	ReloadAssembly (1908ms)
		BeginReloadAssembly (245ms)
			ExecutionOrderSort (0ms)
			DisableScriptedObjects (13ms)
			BackupInstance (0ms)
			ReleaseScriptingObjects (0ms)
			CreateAndSetChildDomain (77ms)
		EndReloadAssembly (1545ms)
			LoadAssemblies (193ms)
			RebuildTransferFunctionScriptingTraits (0ms)
			SetupTypeCache (611ms)
			ReleaseScriptCaches (2ms)
			RebuildScriptCaches (76ms)
			SetupLoadedEditorAssemblies (518ms)
				LogAssemblyErrors (0ms)
				InitializePlatformSupportModulesInManaged (8ms)
				SetLoadedEditorAssemblies (1ms)
				RefreshPlugins (2ms)
				BeforeProcessingInitializeOnLoad (131ms)
				ProcessInitializeOnLoadAttributes (355ms)
				ProcessInitializeOnLoadMethodAttributes (13ms)
				AfterProcessingInitializeOnLoad (7ms)
				EditorAssembliesLoaded (0ms)
			ExecutionOrderSort2 (0ms)
			AwakeInstancesAfterBackupRestoration (22ms)
Platform modules already initialized, skipping
Refreshing native plugins compatible for Editor in 1.19 ms, found 4 plugins.
Preloading 0 native plugins for Editor in 0.00 ms.
Unloading 3748 Unused Serialized files (Serialized files now loaded: 0)
System memory in use before: 139.3 MB.
System memory in use after: 139.6 MB.

Unloading 18 unused Assets to reduce memory usage. Loaded Objects now: 4224.
Total: 3.668600 ms (FindLiveObjects: 0.251900 ms CreateObjectMapping: 0.139000 ms MarkObjects: 3.252200 ms  DeleteObjects: 0.024300 ms)

AssetImportParameters requested are different than current active one (requested -> active):
  custom:framework-win-MediaFoundation: 216162199b28c13a410421893ffa2e32 -> 
  custom:video-decoder-ogg-theora: a1e56fd34408186e4bbccfd4996cb3dc -> 
  custom:container-muxer-webm: aa71ff27fc2769a1b78a27578f13a17b -> 
  custom:container-demuxer-webm: 4f35f7cbe854078d1ac9338744f61a02 -> 
  custom:container-demuxer-ogg: 62fdf1f143b41e24485cea50d1cbac27 -> 
  custom:video-encoder-webm-vp8: eb34c28f22e8b96e1ab97ce403110664 -> 
  custom:video-codec-MediaFoundation-h265: 746d11721c4dcdbdad8f713fa42b33f4 -> 
  custom:video-decoder-webm-vp8: 9c59270c3fd7afecdb556c50c9e8de78 -> 
  custom:audio-decoder-ogg-vorbis: bf7c407c2cedff20999df2af8eb42d56 -> 
  custom:audio-encoder-webm-vorbis: bf7c407c2cedff20999df2af8eb42d56 -> 
========================================================================
Received Prepare
Registering precompiled user dll's ...
Registered in 0.006302 seconds.
Begin MonoManager ReloadAssembly
Symbol file LoadedFromMemory doesn't match image C:\Users\yuval\Documents\GitHub\Totem_Cnannite\Library\PackageCache\com.unity.visualscripting@1.6.1\Editor\VisualScripting.Core\Dependencies\YamlDotNet\Unity.VisualScripting.YamlDotNet.dll
Symbol file LoadedFromMemory doesn't match image C:\Users\yuval\Documents\GitHub\Totem_Cnannite\Library\PackageCache\com.unity.visualscripting@1.6.1\Editor\VisualScripting.Core\Dependencies\DotNetZip\Unity.VisualScripting.IonicZip.dll
Native extension for WindowsStandalone target not found
Refreshing native plugins compatible for Editor in 1.02 ms, found 4 plugins.
Preloading 0 native plugins for Editor in 0.00 ms.
Mono: successfully reloaded assembly
- Completed reload, in  1.695 seconds
Domain Reload Profiling:
	ReloadAssembly (1695ms)
		BeginReloadAssembly (178ms)
			ExecutionOrderSort (0ms)
			DisableScriptedObjects (10ms)
			BackupInstance (0ms)
			ReleaseScriptingObjects (0ms)
			CreateAndSetChildDomain (57ms)
		EndReloadAssembly (1430ms)
			LoadAssemblies (133ms)
			RebuildTransferFunctionScriptingTraits (0ms)
			SetupTypeCache (566ms)
			ReleaseScriptCaches (2ms)
			RebuildScriptCaches (70ms)
			SetupLoadedEditorAssemblies (480ms)
				LogAssemblyErrors (0ms)
				InitializePlatformSupportModulesInManaged (8ms)
				SetLoadedEditorAssemblies (1ms)
				RefreshPlugins (1ms)
				BeforeProcessingInitializeOnLoad (101ms)
				ProcessInitializeOnLoadAttributes (349ms)
				ProcessInitializeOnLoadMethodAttributes (14ms)
				AfterProcessingInitializeOnLoad (7ms)
				EditorAssembliesLoaded (0ms)
			ExecutionOrderSort2 (0ms)
			AwakeInstancesAfterBackupRestoration (18ms)
Platform modules already initialized, skipping
Refreshing native plugins compatible for Editor in 1.13 ms, found 4 plugins.
Preloading 0 native plugins for Editor in 0.00 ms.
Unloading 3748 Unused Serialized files (Serialized files now loaded: 0)
System memory in use before: 139.4 MB.
System memory in use after: 139.6 MB.

Unloading 18 unused Assets to reduce memory usage. Loaded Objects now: 4227.
Total: 5.860200 ms (FindLiveObjects: 0.354400 ms CreateObjectMapping: 0.213800 ms MarkObjects: 5.238600 ms  DeleteObjects: 0.050500 ms)

AssetImportParameters requested are different than current active one (requested -> active):
  custom:framework-win-MediaFoundation: 216162199b28c13a410421893ffa2e32 -> 
  custom:video-decoder-ogg-theora: a1e56fd34408186e4bbccfd4996cb3dc -> 
  custom:container-muxer-webm: aa71ff27fc2769a1b78a27578f13a17b -> 
  custom:container-demuxer-webm: 4f35f7cbe854078d1ac9338744f61a02 -> 
  custom:container-demuxer-ogg: 62fdf1f143b41e24485cea50d1cbac27 -> 
  custom:video-encoder-webm-vp8: eb34c28f22e8b96e1ab97ce403110664 -> 
  custom:video-codec-MediaFoundation-h265: 746d11721c4dcdbdad8f713fa42b33f4 -> 
  custom:video-decoder-webm-vp8: 9c59270c3fd7afecdb556c50c9e8de78 -> 
  custom:audio-decoder-ogg-vorbis: bf7c407c2cedff20999df2af8eb42d56 -> 
  custom:audio-encoder-webm-vorbis: bf7c407c2cedff20999df2af8eb42d56 -> 
========================================================================
Received Prepare
Registering precompiled user dll's ...
Registered in 0.004619 seconds.
Begin MonoManager ReloadAssembly
Symbol file LoadedFromMemory doesn't match image C:\Users\yuval\Documents\GitHub\Totem_Cnannite\Library\PackageCache\com.unity.visualscripting@1.6.1\Editor\VisualScripting.Core\Dependencies\YamlDotNet\Unity.VisualScripting.YamlDotNet.dll
Symbol file LoadedFromMemory doesn't match image C:\Users\yuval\Documents\GitHub\Totem_Cnannite\Library\PackageCache\com.unity.visualscripting@1.6.1\Editor\VisualScripting.Core\Dependencies\DotNetZip\Unity.VisualScripting.IonicZip.dll
Native extension for WindowsStandalone target not found
Refreshing native plugins compatible for Editor in 0.78 ms, found 4 plugins.
Preloading 0 native plugins for Editor in 0.00 ms.
Mono: successfully reloaded assembly
- Completed reload, in  1.216 seconds
Domain Reload Profiling:
	ReloadAssembly (1217ms)
		BeginReloadAssembly (136ms)
			ExecutionOrderSort (0ms)
			DisableScriptedObjects (6ms)
			BackupInstance (0ms)
			ReleaseScriptingObjects (0ms)
			CreateAndSetChildDomain (46ms)
		EndReloadAssembly (1019ms)
			LoadAssemblies (97ms)
			RebuildTransferFunctionScriptingTraits (0ms)
			SetupTypeCache (407ms)
			ReleaseScriptCaches (1ms)
			RebuildScriptCaches (56ms)
			SetupLoadedEditorAssemblies (342ms)
				LogAssemblyErrors (0ms)
				InitializePlatformSupportModulesInManaged (5ms)
				SetLoadedEditorAssemblies (0ms)
				RefreshPlugins (1ms)
				BeforeProcessingInitializeOnLoad (77ms)
				ProcessInitializeOnLoadAttributes (240ms)
				ProcessInitializeOnLoadMethodAttributes (13ms)
				AfterProcessingInitializeOnLoad (6ms)
				EditorAssembliesLoaded (0ms)
			ExecutionOrderSort2 (0ms)
			AwakeInstancesAfterBackupRestoration (12ms)
Platform modules already initialized, skipping
Refreshing native plugins compatible for Editor in 0.94 ms, found 4 plugins.
Preloading 0 native plugins for Editor in 0.00 ms.
Unloading 3748 Unused Serialized files (Serialized files now loaded: 0)
System memory in use before: 139.4 MB.
System memory in use after: 139.7 MB.

Unloading 18 unused Assets to reduce memory usage. Loaded Objects now: 4230.
Total: 4.156000 ms (FindLiveObjects: 0.265000 ms CreateObjectMapping: 0.137100 ms MarkObjects: 3.711300 ms  DeleteObjects: 0.040300 ms)

AssetImportParameters requested are different than current active one (requested -> active):
  custom:framework-win-MediaFoundation: 216162199b28c13a410421893ffa2e32 -> 
  custom:video-decoder-ogg-theora: a1e56fd34408186e4bbccfd4996cb3dc -> 
  custom:container-muxer-webm: aa71ff27fc2769a1b78a27578f13a17b -> 
  custom:container-demuxer-webm: 4f35f7cbe854078d1ac9338744f61a02 -> 
  custom:container-demuxer-ogg: 62fdf1f143b41e24485cea50d1cbac27 -> 
  custom:video-encoder-webm-vp8: eb34c28f22e8b96e1ab97ce403110664 -> 
  custom:video-codec-MediaFoundation-h265: 746d11721c4dcdbdad8f713fa42b33f4 -> 
  custom:video-decoder-webm-vp8: 9c59270c3fd7afecdb556c50c9e8de78 -> 
  custom:audio-decoder-ogg-vorbis: bf7c407c2cedff20999df2af8eb42d56 -> 
  custom:audio-encoder-webm-vorbis: bf7c407c2cedff20999df2af8eb42d56 -> 
========================================================================
Received Prepare
Registering precompiled user dll's ...
Registered in 0.006200 seconds.
Begin MonoManager ReloadAssembly
Symbol file LoadedFromMemory doesn't match image C:\Users\yuval\Documents\GitHub\Totem_Cnannite\Library\PackageCache\com.unity.visualscripting@1.6.1\Editor\VisualScripting.Core\Dependencies\YamlDotNet\Unity.VisualScripting.YamlDotNet.dll
Symbol file LoadedFromMemory doesn't match image C:\Users\yuval\Documents\GitHub\Totem_Cnannite\Library\PackageCache\com.unity.visualscripting@1.6.1\Editor\VisualScripting.Core\Dependencies\DotNetZip\Unity.VisualScripting.IonicZip.dll
Native extension for WindowsStandalone target not found
Refreshing native plugins compatible for Editor in 1.45 ms, found 4 plugins.
Preloading 0 native plugins for Editor in 0.00 ms.
Mono: successfully reloaded assembly
- Completed reload, in  1.732 seconds
Domain Reload Profiling:
	ReloadAssembly (1733ms)
		BeginReloadAssembly (193ms)
			ExecutionOrderSort (0ms)
			DisableScriptedObjects (11ms)
			BackupInstance (0ms)
			ReleaseScriptingObjects (0ms)
			CreateAndSetChildDomain (64ms)
		EndReloadAssembly (1442ms)
			LoadAssemblies (163ms)
			RebuildTransferFunctionScriptingTraits (0ms)
			SetupTypeCache (559ms)
			ReleaseScriptCaches (2ms)
			RebuildScriptCaches (76ms)
			SetupLoadedEditorAssemblies (493ms)
				LogAssemblyErrors (0ms)
				InitializePlatformSupportModulesInManaged (11ms)
				SetLoadedEditorAssemblies (1ms)
				RefreshPlugins (2ms)
				BeforeProcessingInitializeOnLoad (107ms)
				ProcessInitializeOnLoadAttributes (353ms)
				ProcessInitializeOnLoadMethodAttributes (14ms)
				AfterProcessingInitializeOnLoad (7ms)
				EditorAssembliesLoaded (0ms)
			ExecutionOrderSort2 (0ms)
			AwakeInstancesAfterBackupRestoration (17ms)
Platform modules already initialized, skipping
Refreshing native plugins compatible for Editor in 1.07 ms, found 4 plugins.
Preloading 0 native plugins for Editor in 0.00 ms.
Unloading 3748 Unused Serialized files (Serialized files now loaded: 0)
System memory in use before: 139.4 MB.
System memory in use after: 139.7 MB.

Unloading 18 unused Assets to reduce memory usage. Loaded Objects now: 4233.
Total: 5.623400 ms (FindLiveObjects: 0.312600 ms CreateObjectMapping: 0.177000 ms MarkObjects: 5.097300 ms  DeleteObjects: 0.034500 ms)

AssetImportParameters requested are different than current active one (requested -> active):
  custom:framework-win-MediaFoundation: 216162199b28c13a410421893ffa2e32 -> 
  custom:video-decoder-ogg-theora: a1e56fd34408186e4bbccfd4996cb3dc -> 
  custom:container-muxer-webm: aa71ff27fc2769a1b78a27578f13a17b -> 
  custom:container-demuxer-webm: 4f35f7cbe854078d1ac9338744f61a02 -> 
  custom:container-demuxer-ogg: 62fdf1f143b41e24485cea50d1cbac27 -> 
  custom:video-encoder-webm-vp8: eb34c28f22e8b96e1ab97ce403110664 -> 
  custom:video-codec-MediaFoundation-h265: 746d11721c4dcdbdad8f713fa42b33f4 -> 
  custom:video-decoder-webm-vp8: 9c59270c3fd7afecdb556c50c9e8de78 -> 
  custom:audio-decoder-ogg-vorbis: bf7c407c2cedff20999df2af8eb42d56 -> 
  custom:audio-encoder-webm-vorbis: bf7c407c2cedff20999df2af8eb42d56 -> 
========================================================================
Received Import Request.
  Time since last request: 368.337004 seconds.
  path: Assets/Scenes/4_Ending_Bad.unity
  artifactKey: Guid(19109561226217a439eda35276a6079a) Importer(815301076,1909f56bfc062723c751e8b465ee728b)
Start importing Assets/Scenes/4_Ending_Bad.unity using Guid(19109561226217a439eda35276a6079a) Importer(815301076,1909f56bfc062723c751e8b465ee728b)  -> (artifact id: 'e5d539f71dcce2e6318250e7ff9e26eb') in 0.019832 seconds 
========================================================================
Received Prepare
Registering precompiled user dll's ...
Registered in 0.003936 seconds.
Begin MonoManager ReloadAssembly
Symbol file LoadedFromMemory doesn't match image C:\Users\yuval\Documents\GitHub\Totem_Cnannite\Library\PackageCache\com.unity.visualscripting@1.6.1\Editor\VisualScripting.Core\Dependencies\YamlDotNet\Unity.VisualScripting.YamlDotNet.dll
Symbol file LoadedFromMemory doesn't match image C:\Users\yuval\Documents\GitHub\Totem_Cnannite\Library\PackageCache\com.unity.visualscripting@1.6.1\Editor\VisualScripting.Core\Dependencies\DotNetZip\Unity.VisualScripting.IonicZip.dll
Native extension for WindowsStandalone target not found
Refreshing native plugins compatible for Editor in 0.96 ms, found 4 plugins.
Preloading 0 native plugins for Editor in 0.00 ms.
Mono: successfully reloaded assembly
- Completed reload, in  1.652 seconds
Domain Reload Profiling:
	ReloadAssembly (1652ms)
		BeginReloadAssembly (169ms)
			ExecutionOrderSort (0ms)
			DisableScriptedObjects (9ms)
			BackupInstance (0ms)
			ReleaseScriptingObjects (0ms)
			CreateAndSetChildDomain (60ms)
		EndReloadAssembly (1397ms)
			LoadAssemblies (125ms)
			RebuildTransferFunctionScriptingTraits (0ms)
			SetupTypeCache (519ms)
			ReleaseScriptCaches (2ms)
			RebuildScriptCaches (72ms)
			SetupLoadedEditorAssemblies (503ms)
				LogAssemblyErrors (0ms)
				InitializePlatformSupportModulesInManaged (7ms)
				SetLoadedEditorAssemblies (1ms)
				RefreshPlugins (1ms)
				BeforeProcessingInitializeOnLoad (101ms)
				ProcessInitializeOnLoadAttributes (364ms)
				ProcessInitializeOnLoadMethodAttributes (20ms)
				AfterProcessingInitializeOnLoad (8ms)
				EditorAssembliesLoaded (0ms)
			ExecutionOrderSort2 (0ms)
			AwakeInstancesAfterBackupRestoration (19ms)
Platform modules already initialized, skipping
Refreshing native plugins compatible for Editor in 0.98 ms, found 4 plugins.
Preloading 0 native plugins for Editor in 0.00 ms.
Unloading 3748 Unused Serialized files (Serialized files now loaded: 0)
System memory in use before: 139.5 MB.
System memory in use after: 139.7 MB.

Unloading 18 unused Assets to reduce memory usage. Loaded Objects now: 4236.
Total: 4.774500 ms (FindLiveObjects: 0.399700 ms CreateObjectMapping: 0.188000 ms MarkObjects: 4.153600 ms  DeleteObjects: 0.031300 ms)

AssetImportParameters requested are different than current active one (requested -> active):
  custom:framework-win-MediaFoundation: 216162199b28c13a410421893ffa2e32 -> 
  custom:video-decoder-ogg-theora: a1e56fd34408186e4bbccfd4996cb3dc -> 
  custom:container-muxer-webm: aa71ff27fc2769a1b78a27578f13a17b -> 
  custom:container-demuxer-webm: 4f35f7cbe854078d1ac9338744f61a02 -> 
  custom:container-demuxer-ogg: 62fdf1f143b41e24485cea50d1cbac27 -> 
  custom:video-encoder-webm-vp8: eb34c28f22e8b96e1ab97ce403110664 -> 
  custom:video-codec-MediaFoundation-h265: 746d11721c4dcdbdad8f713fa42b33f4 -> 
  custom:video-decoder-webm-vp8: 9c59270c3fd7afecdb556c50c9e8de78 -> 
  custom:audio-decoder-ogg-vorbis: bf7c407c2cedff20999df2af8eb42d56 -> 
  custom:audio-encoder-webm-vorbis: bf7c407c2cedff20999df2af8eb42d56 -> 
========================================================================
Received Import Request.
  Time since last request: 23.212919 seconds.
  path: Assets/Scenes/3A_Build it yourself.unity
  artifactKey: Guid(0a1676d6d8c026543b28d3c3acc060eb) Importer(815301076,1909f56bfc062723c751e8b465ee728b)
Start importing Assets/Scenes/3A_Build it yourself.unity using Guid(0a1676d6d8c026543b28d3c3acc060eb) Importer(815301076,1909f56bfc062723c751e8b465ee728b)  -> (artifact id: 'f4bd2dd80c3dc7c91ae51ccd35ec79cf') in 0.015215 seconds 
========================================================================
Received Prepare
Registering precompiled user dll's ...
Registered in 0.004066 seconds.
Begin MonoManager ReloadAssembly
Symbol file LoadedFromMemory doesn't match image C:\Users\yuval\Documents\GitHub\Totem_Cnannite\Library\PackageCache\com.unity.visualscripting@1.6.1\Editor\VisualScripting.Core\Dependencies\YamlDotNet\Unity.VisualScripting.YamlDotNet.dll
Symbol file LoadedFromMemory doesn't match image C:\Users\yuval\Documents\GitHub\Totem_Cnannite\Library\PackageCache\com.unity.visualscripting@1.6.1\Editor\VisualScripting.Core\Dependencies\DotNetZip\Unity.VisualScripting.IonicZip.dll
Native extension for WindowsStandalone target not found
Refreshing native plugins compatible for Editor in 1.04 ms, found 4 plugins.
Preloading 0 native plugins for Editor in 0.00 ms.
Mono: successfully reloaded assembly
- Completed reload, in  1.387 seconds
Domain Reload Profiling:
	ReloadAssembly (1387ms)
		BeginReloadAssembly (162ms)
			ExecutionOrderSort (0ms)
			DisableScriptedObjects (9ms)
			BackupInstance (0ms)
			ReleaseScriptingObjects (0ms)
			CreateAndSetChildDomain (59ms)
		EndReloadAssembly (1157ms)
			LoadAssemblies (96ms)
			RebuildTransferFunctionScriptingTraits (0ms)
			SetupTypeCache (391ms)
			ReleaseScriptCaches (2ms)
			RebuildScriptCaches (57ms)
			SetupLoadedEditorAssemblies (446ms)
				LogAssemblyErrors (0ms)
				InitializePlatformSupportModulesInManaged (6ms)
				SetLoadedEditorAssemblies (1ms)
				RefreshPlugins (1ms)
				BeforeProcessingInitializeOnLoad (123ms)
				ProcessInitializeOnLoadAttributes (291ms)
				ProcessInitializeOnLoadMethodAttributes (15ms)
				AfterProcessingInitializeOnLoad (8ms)
				EditorAssembliesLoaded (0ms)
			ExecutionOrderSort2 (0ms)
			AwakeInstancesAfterBackupRestoration (17ms)
Platform modules already initialized, skipping
Refreshing native plugins compatible for Editor in 0.90 ms, found 4 plugins.
Preloading 0 native plugins for Editor in 0.00 ms.
Unloading 3748 Unused Serialized files (Serialized files now loaded: 0)
System memory in use before: 139.5 MB.
System memory in use after: 139.7 MB.

Unloading 18 unused Assets to reduce memory usage. Loaded Objects now: 4239.
Total: 4.890800 ms (FindLiveObjects: 0.280400 ms CreateObjectMapping: 0.169800 ms MarkObjects: 4.398900 ms  DeleteObjects: 0.039800 ms)

AssetImportParameters requested are different than current active one (requested -> active):
  custom:framework-win-MediaFoundation: 216162199b28c13a410421893ffa2e32 -> 
  custom:video-decoder-ogg-theora: a1e56fd34408186e4bbccfd4996cb3dc -> 
  custom:container-muxer-webm: aa71ff27fc2769a1b78a27578f13a17b -> 
  custom:container-demuxer-webm: 4f35f7cbe854078d1ac9338744f61a02 -> 
  custom:container-demuxer-ogg: 62fdf1f143b41e24485cea50d1cbac27 -> 
  custom:video-encoder-webm-vp8: eb34c28f22e8b96e1ab97ce403110664 -> 
  custom:video-codec-MediaFoundation-h265: 746d11721c4dcdbdad8f713fa42b33f4 -> 
  custom:video-decoder-webm-vp8: 9c59270c3fd7afecdb556c50c9e8de78 -> 
  custom:audio-decoder-ogg-vorbis: bf7c407c2cedff20999df2af8eb42d56 -> 
  custom:audio-encoder-webm-vorbis: bf7c407c2cedff20999df2af8eb42d56 -> 
========================================================================
Received Import Request.
  Time since last request: 85.532534 seconds.
  path: Assets/Scenes/3A_Build it yourself 1.unity
  artifactKey: Guid(bbe8055d2d02ee146bffc5e2107e84cb) Importer(815301076,1909f56bfc062723c751e8b465ee728b)
Start importing Assets/Scenes/3A_Build it yourself 1.unity using Guid(bbe8055d2d02ee146bffc5e2107e84cb) Importer(815301076,1909f56bfc062723c751e8b465ee728b)  -> (artifact id: '3f6bdca6a1a3f7a7efb04d86e2603deb') in 0.023251 seconds 
========================================================================
Received Import Request.
  Time since last request: 22.087205 seconds.
  path: Assets/Scenes/3B_Build it yourself.unity
  artifactKey: Guid(bbe8055d2d02ee146bffc5e2107e84cb) Importer(815301076,1909f56bfc062723c751e8b465ee728b)
Start importing Assets/Scenes/3B_Build it yourself.unity using Guid(bbe8055d2d02ee146bffc5e2107e84cb) Importer(815301076,1909f56bfc062723c751e8b465ee728b)  -> (artifact id: 'e38de9009cb8e64bd37a83c010a54850') in 0.009687 seconds 
========================================================================
Received Import Request.
  Time since last request: 718.917699 seconds.
  path: Assets/Scenes/3A_Build it yourself.unity
  artifactKey: Guid(0a1676d6d8c026543b28d3c3acc060eb) Importer(815301076,1909f56bfc062723c751e8b465ee728b)
Start importing Assets/Scenes/3A_Build it yourself.unity using Guid(0a1676d6d8c026543b28d3c3acc060eb) Importer(815301076,1909f56bfc062723c751e8b465ee728b)  -> (artifact id: '422ab4830de059aafbea6934b2032205') in 0.004810 seconds 
========================================================================
Received Prepare
Registering precompiled user dll's ...
Registered in 0.006957 seconds.
Begin MonoManager ReloadAssembly
Symbol file LoadedFromMemory doesn't match image C:\Users\yuval\Documents\GitHub\Totem_Cnannite\Library\PackageCache\com.unity.visualscripting@1.6.1\Editor\VisualScripting.Core\Dependencies\YamlDotNet\Unity.VisualScripting.YamlDotNet.dll
Symbol file LoadedFromMemory doesn't match image C:\Users\yuval\Documents\GitHub\Totem_Cnannite\Library\PackageCache\com.unity.visualscripting@1.6.1\Editor\VisualScripting.Core\Dependencies\DotNetZip\Unity.VisualScripting.IonicZip.dll
Native extension for WindowsStandalone target not found
Refreshing native plugins compatible for Editor in 1.08 ms, found 4 plugins.
Preloading 0 native plugins for Editor in 0.00 ms.
Mono: successfully reloaded assembly
- Completed reload, in  1.852 seconds
Domain Reload Profiling:
	ReloadAssembly (1853ms)
		BeginReloadAssembly (204ms)
			ExecutionOrderSort (0ms)
			DisableScriptedObjects (11ms)
			BackupInstance (0ms)
			ReleaseScriptingObjects (0ms)
			CreateAndSetChildDomain (66ms)
		EndReloadAssembly (1534ms)
			LoadAssemblies (163ms)
			RebuildTransferFunctionScriptingTraits (0ms)
			SetupTypeCache (582ms)
			ReleaseScriptCaches (2ms)
			RebuildScriptCaches (71ms)
			SetupLoadedEditorAssemblies (544ms)
				LogAssemblyErrors (0ms)
				InitializePlatformSupportModulesInManaged (10ms)
				SetLoadedEditorAssemblies (1ms)
				RefreshPlugins (1ms)
				BeforeProcessingInitializeOnLoad (98ms)
				ProcessInitializeOnLoadAttributes (405ms)
				ProcessInitializeOnLoadMethodAttributes (20ms)
				AfterProcessingInitializeOnLoad (9ms)
				EditorAssembliesLoaded (0ms)
			ExecutionOrderSort2 (0ms)
			AwakeInstancesAfterBackupRestoration (22ms)
Platform modules already initialized, skipping
Refreshing native plugins compatible for Editor in 1.00 ms, found 4 plugins.
Preloading 0 native plugins for Editor in 0.00 ms.
Unloading 3748 Unused Serialized files (Serialized files now loaded: 0)
System memory in use before: 139.5 MB.
System memory in use after: 139.7 MB.

Unloading 18 unused Assets to reduce memory usage. Loaded Objects now: 4242.
Total: 5.510100 ms (FindLiveObjects: 0.339000 ms CreateObjectMapping: 0.345900 ms MarkObjects: 4.787100 ms  DeleteObjects: 0.036100 ms)

AssetImportParameters requested are different than current active one (requested -> active):
  custom:framework-win-MediaFoundation: 216162199b28c13a410421893ffa2e32 -> 
  custom:video-decoder-ogg-theora: a1e56fd34408186e4bbccfd4996cb3dc -> 
  custom:container-muxer-webm: aa71ff27fc2769a1b78a27578f13a17b -> 
  custom:container-demuxer-webm: 4f35f7cbe854078d1ac9338744f61a02 -> 
  custom:container-demuxer-ogg: 62fdf1f143b41e24485cea50d1cbac27 -> 
  custom:video-encoder-webm-vp8: eb34c28f22e8b96e1ab97ce403110664 -> 
  custom:video-codec-MediaFoundation-h265: 746d11721c4dcdbdad8f713fa42b33f4 -> 
  custom:video-decoder-webm-vp8: 9c59270c3fd7afecdb556c50c9e8de78 -> 
  custom:audio-decoder-ogg-vorbis: bf7c407c2cedff20999df2af8eb42d56 -> 
  custom:audio-encoder-webm-vorbis: bf7c407c2cedff20999df2af8eb42d56 -> 
========================================================================
Received Prepare
Registering precompiled user dll's ...
Registered in 0.006254 seconds.
Begin MonoManager ReloadAssembly
Symbol file LoadedFromMemory doesn't match image C:\Users\yuval\Documents\GitHub\Totem_Cnannite\Library\PackageCache\com.unity.visualscripting@1.6.1\Editor\VisualScripting.Core\Dependencies\YamlDotNet\Unity.VisualScripting.YamlDotNet.dll
Symbol file LoadedFromMemory doesn't match image C:\Users\yuval\Documents\GitHub\Totem_Cnannite\Library\PackageCache\com.unity.visualscripting@1.6.1\Editor\VisualScripting.Core\Dependencies\DotNetZip\Unity.VisualScripting.IonicZip.dll
Native extension for WindowsStandalone target not found
Refreshing native plugins compatible for Editor in 1.22 ms, found 4 plugins.
Preloading 0 native plugins for Editor in 0.00 ms.
Mono: successfully reloaded assembly
- Completed reload, in  2.632 seconds
Domain Reload Profiling:
	ReloadAssembly (2633ms)
		BeginReloadAssembly (252ms)
			ExecutionOrderSort (0ms)
			DisableScriptedObjects (18ms)
			BackupInstance (0ms)
			ReleaseScriptingObjects (0ms)
			CreateAndSetChildDomain (83ms)
		EndReloadAssembly (2251ms)
			LoadAssemblies (221ms)
			RebuildTransferFunctionScriptingTraits (0ms)
			SetupTypeCache (872ms)
			ReleaseScriptCaches (2ms)
			RebuildScriptCaches (114ms)
			SetupLoadedEditorAssemblies (797ms)
				LogAssemblyErrors (0ms)
				InitializePlatformSupportModulesInManaged (12ms)
				SetLoadedEditorAssemblies (1ms)
				RefreshPlugins (1ms)
				BeforeProcessingInitializeOnLoad (153ms)
				ProcessInitializeOnLoadAttributes (598ms)
				ProcessInitializeOnLoadMethodAttributes (22ms)
				AfterProcessingInitializeOnLoad (10ms)
				EditorAssembliesLoaded (0ms)
			ExecutionOrderSort2 (0ms)
			AwakeInstancesAfterBackupRestoration (27ms)
Platform modules already initialized, skipping
Refreshing native plugins compatible for Editor in 4.03 ms, found 4 plugins.
Preloading 0 native plugins for Editor in 0.00 ms.
Unloading 3748 Unused Serialized files (Serialized files now loaded: 0)
System memory in use before: 139.5 MB.
System memory in use after: 139.7 MB.

Unloading 18 unused Assets to reduce memory usage. Loaded Objects now: 4245.
Total: 12.160600 ms (FindLiveObjects: 0.604400 ms CreateObjectMapping: 0.576500 ms MarkObjects: 10.834900 ms  DeleteObjects: 0.140700 ms)

AssetImportParameters requested are different than current active one (requested -> active):
  custom:framework-win-MediaFoundation: 216162199b28c13a410421893ffa2e32 -> 
  custom:video-decoder-ogg-theora: a1e56fd34408186e4bbccfd4996cb3dc -> 
  custom:container-muxer-webm: aa71ff27fc2769a1b78a27578f13a17b -> 
  custom:container-demuxer-webm: 4f35f7cbe854078d1ac9338744f61a02 -> 
  custom:container-demuxer-ogg: 62fdf1f143b41e24485cea50d1cbac27 -> 
  custom:video-encoder-webm-vp8: eb34c28f22e8b96e1ab97ce403110664 -> 
  custom:video-codec-MediaFoundation-h265: 746d11721c4dcdbdad8f713fa42b33f4 -> 
  custom:video-decoder-webm-vp8: 9c59270c3fd7afecdb556c50c9e8de78 -> 
  custom:audio-decoder-ogg-vorbis: bf7c407c2cedff20999df2af8eb42d56 -> 
  custom:audio-encoder-webm-vorbis: bf7c407c2cedff20999df2af8eb42d56 -> 
========================================================================
Received Import Request.
  Time since last request: 107.225209 seconds.
  path: Assets/Scenes/3A_Build it yourself.unity
  artifactKey: Guid(0a1676d6d8c026543b28d3c3acc060eb) Importer(815301076,1909f56bfc062723c751e8b465ee728b)
Start importing Assets/Scenes/3A_Build it yourself.unity using Guid(0a1676d6d8c026543b28d3c3acc060eb) Importer(815301076,1909f56bfc062723c751e8b465ee728b)  -> (artifact id: '9541da8b7190f6b5e76fb142bed76485') in 0.020364 seconds 
========================================================================
Received Import Request.
  Time since last request: 14.126931 seconds.
  path: Assets/Scenes/3AA_Build it yourself.unity
  artifactKey: Guid(bbe8055d2d02ee146bffc5e2107e84cb) Importer(815301076,1909f56bfc062723c751e8b465ee728b)
Start importing Assets/Scenes/3AA_Build it yourself.unity using Guid(bbe8055d2d02ee146bffc5e2107e84cb) Importer(815301076,1909f56bfc062723c751e8b465ee728b)  -> (artifact id: '0c3a5be05ce1e106b28b5a4b3cd3853b') in 0.014022 seconds 
========================================================================
Received Import Request.
  Time since last request: 4.914038 seconds.
  path: Assets/Scenes/3B_Build it yourself.unity
  artifactKey: Guid(0a1676d6d8c026543b28d3c3acc060eb) Importer(815301076,1909f56bfc062723c751e8b465ee728b)
Start importing Assets/Scenes/3B_Build it yourself.unity using Guid(0a1676d6d8c026543b28d3c3acc060eb) Importer(815301076,1909f56bfc062723c751e8b465ee728b)  -> (artifact id: '4f237af3b0f425020d2c4aea03668a87') in 0.003935 seconds 
========================================================================
Received Import Request.
  Time since last request: 6.908224 seconds.
  path: Assets/Scenes/3A_Build it yourself.unity
  artifactKey: Guid(bbe8055d2d02ee146bffc5e2107e84cb) Importer(815301076,1909f56bfc062723c751e8b465ee728b)
Start importing Assets/Scenes/3A_Build it yourself.unity using Guid(bbe8055d2d02ee146bffc5e2107e84cb) Importer(815301076,1909f56bfc062723c751e8b465ee728b)  -> (artifact id: 'cf678f364b02340af23ebe0b476a0aa2') in 0.003603 seconds 
========================================================================
Received Import Request.
  Time since last request: 4.843871 seconds.
  path: Assets/Scenes/3B_Build it yourself 1.unity
  artifactKey: Guid(ab9a8bade7b040541bb01f71f415044c) Importer(815301076,1909f56bfc062723c751e8b465ee728b)
Start importing Assets/Scenes/3B_Build it yourself 1.unity using Guid(ab9a8bade7b040541bb01f71f415044c) Importer(815301076,1909f56bfc062723c751e8b465ee728b)  -> (artifact id: 'cf68350ede0aa59ad19a4422ec47f030') in 0.008453 seconds 
========================================================================
Received Import Request.
  Time since last request: 17.506868 seconds.
  path: Assets/Scenes/3C_Build it yourself.unity
  artifactKey: Guid(ab9a8bade7b040541bb01f71f415044c) Importer(815301076,1909f56bfc062723c751e8b465ee728b)
Start importing Assets/Scenes/3C_Build it yourself.unity using Guid(ab9a8bade7b040541bb01f71f415044c) Importer(815301076,1909f56bfc062723c751e8b465ee728b)  -> (artifact id: '464b1194b9f5648b410194894ede6f25') in 0.007928 seconds 
========================================================================
Received Import Request.
  Time since last request: 24.055328 seconds.
  path: Assets/Scenes/4_Ending_Bad.unity
  artifactKey: Guid(19109561226217a439eda35276a6079a) Importer(815301076,1909f56bfc062723c751e8b465ee728b)
Start importing Assets/Scenes/4_Ending_Bad.unity using Guid(19109561226217a439eda35276a6079a) Importer(815301076,1909f56bfc062723c751e8b465ee728b)  -> (artifact id: 'bed23313fafd67195c6494a98b122bdb') in 0.005111 seconds 
========================================================================
Received Import Request.
  Time since last request: 53.006046 seconds.
  path: Assets/Art/Opening and Ending/Opening _ Ending screens/Tomatos.png
  artifactKey: Guid(2e811070fb2df5c439665236afd2a9e4) Importer(815301076,1909f56bfc062723c751e8b465ee728b)
Start importing Assets/Art/Opening and Ending/Opening _ Ending screens/Tomatos.png using Guid(2e811070fb2df5c439665236afd2a9e4) Importer(815301076,1909f56bfc062723c751e8b465ee728b)  -> (artifact id: 'ec67e36327a98c07d8fda6b220f72eb6') in 0.132033 seconds 
========================================================================
Received Import Request.
  Time since last request: 5.727406 seconds.
  path: Assets/Art/Opening and Ending/Opening _ Ending screens/Beautiful white flowers.png
  artifactKey: Guid(1e00af4756ae9674e96f8ca5e114cad7) Importer(815301076,1909f56bfc062723c751e8b465ee728b)
Start importing Assets/Art/Opening and Ending/Opening _ Ending screens/Beautiful white flowers.png using Guid(1e00af4756ae9674e96f8ca5e114cad7) Importer(815301076,1909f56bfc062723c751e8b465ee728b)  -> (artifact id: '567cd1da2229880a15bef4d0da90a5cf') in 0.018968 seconds 
========================================================================
Received Prepare
Registering precompiled user dll's ...
Registered in 0.004466 seconds.
Begin MonoManager ReloadAssembly
Symbol file LoadedFromMemory doesn't match image C:\Users\yuval\Documents\GitHub\Totem_Cnannite\Library\PackageCache\com.unity.visualscripting@1.6.1\Editor\VisualScripting.Core\Dependencies\YamlDotNet\Unity.VisualScripting.YamlDotNet.dll
Symbol file LoadedFromMemory doesn't match image C:\Users\yuval\Documents\GitHub\Totem_Cnannite\Library\PackageCache\com.unity.visualscripting@1.6.1\Editor\VisualScripting.Core\Dependencies\DotNetZip\Unity.VisualScripting.IonicZip.dll
Native extension for WindowsStandalone target not found
Refreshing native plugins compatible for Editor in 0.78 ms, found 4 plugins.
Preloading 0 native plugins for Editor in 0.00 ms.
Mono: successfully reloaded assembly
- Completed reload, in  1.070 seconds
Domain Reload Profiling:
	ReloadAssembly (1071ms)
		BeginReloadAssembly (127ms)
			ExecutionOrderSort (0ms)
			DisableScriptedObjects (6ms)
			BackupInstance (0ms)
			ReleaseScriptingObjects (0ms)
			CreateAndSetChildDomain (41ms)
		EndReloadAssembly (885ms)
			LoadAssemblies (92ms)
			RebuildTransferFunctionScriptingTraits (0ms)
			SetupTypeCache (346ms)
			ReleaseScriptCaches (1ms)
			RebuildScriptCaches (42ms)
			SetupLoadedEditorAssemblies (302ms)
				LogAssemblyErrors (0ms)
				InitializePlatformSupportModulesInManaged (5ms)
				SetLoadedEditorAssemblies (0ms)
				RefreshPlugins (1ms)
				BeforeProcessingInitializeOnLoad (64ms)
				ProcessInitializeOnLoadAttributes (218ms)
				ProcessInitializeOnLoadMethodAttributes (9ms)
				AfterProcessingInitializeOnLoad (4ms)
				EditorAssembliesLoaded (0ms)
			ExecutionOrderSort2 (0ms)
			AwakeInstancesAfterBackupRestoration (15ms)
Platform modules already initialized, skipping
Refreshing native plugins compatible for Editor in 0.75 ms, found 4 plugins.
Preloading 0 native plugins for Editor in 0.00 ms.
Unloading 3750 Unused Serialized files (Serialized files now loaded: 0)
System memory in use before: 144.8 MB.
System memory in use after: 145.0 MB.

Unloading 18 unused Assets to reduce memory usage. Loaded Objects now: 4284.
Total: 3.175400 ms (FindLiveObjects: 0.254200 ms CreateObjectMapping: 0.142100 ms MarkObjects: 2.758400 ms  DeleteObjects: 0.019100 ms)

AssetImportParameters requested are different than current active one (requested -> active):
  custom:framework-win-MediaFoundation: 216162199b28c13a410421893ffa2e32 -> 
  custom:video-decoder-ogg-theora: a1e56fd34408186e4bbccfd4996cb3dc -> 
  custom:container-muxer-webm: aa71ff27fc2769a1b78a27578f13a17b -> 
  custom:container-demuxer-webm: 4f35f7cbe854078d1ac9338744f61a02 -> 
  custom:container-demuxer-ogg: 62fdf1f143b41e24485cea50d1cbac27 -> 
  custom:video-encoder-webm-vp8: eb34c28f22e8b96e1ab97ce403110664 -> 
  custom:video-codec-MediaFoundation-h265: 746d11721c4dcdbdad8f713fa42b33f4 -> 
  custom:video-decoder-webm-vp8: 9c59270c3fd7afecdb556c50c9e8de78 -> 
  custom:audio-decoder-ogg-vorbis: bf7c407c2cedff20999df2af8eb42d56 -> 
  custom:audio-encoder-webm-vorbis: bf7c407c2cedff20999df2af8eb42d56 -> 
========================================================================
Received Import Request.
  Time since last request: 1986.344829 seconds.
  path: Assets/Scenes/3B_Build it yourself.unity
  artifactKey: Guid(0a1676d6d8c026543b28d3c3acc060eb) Importer(815301076,1909f56bfc062723c751e8b465ee728b)
Start importing Assets/Scenes/3B_Build it yourself.unity using Guid(0a1676d6d8c026543b28d3c3acc060eb) Importer(815301076,1909f56bfc062723c751e8b465ee728b)  -> (artifact id: '464975e71795205f52fd164aed5149c7') in 0.030582 seconds 
========================================================================
Received Import Request.
  Time since last request: 7.482100 seconds.
  path: Assets/Scenes/3C_Build it yourself.unity
  artifactKey: Guid(ab9a8bade7b040541bb01f71f415044c) Importer(815301076,1909f56bfc062723c751e8b465ee728b)
Start importing Assets/Scenes/3C_Build it yourself.unity using Guid(ab9a8bade7b040541bb01f71f415044c) Importer(815301076,1909f56bfc062723c751e8b465ee728b)  -> (artifact id: '81cbecab09b245bab298b5e0c0434923') in 0.003364 seconds 
========================================================================
Received Prepare
Registering precompiled user dll's ...
Registered in 0.006132 seconds.
Begin MonoManager ReloadAssembly
Symbol file LoadedFromMemory doesn't match image C:\Users\yuval\Documents\GitHub\Totem_Cnannite\Library\PackageCache\com.unity.visualscripting@1.6.1\Editor\VisualScripting.Core\Dependencies\YamlDotNet\Unity.VisualScripting.YamlDotNet.dll
Symbol file LoadedFromMemory doesn't match image C:\Users\yuval\Documents\GitHub\Totem_Cnannite\Library\PackageCache\com.unity.visualscripting@1.6.1\Editor\VisualScripting.Core\Dependencies\DotNetZip\Unity.VisualScripting.IonicZip.dll
Native extension for WindowsStandalone target not found
Refreshing native plugins compatible for Editor in 1.26 ms, found 4 plugins.
Preloading 0 native plugins for Editor in 0.00 ms.
Mono: successfully reloaded assembly
- Completed reload, in  2.277 seconds
Domain Reload Profiling:
	ReloadAssembly (2278ms)
		BeginReloadAssembly (227ms)
			ExecutionOrderSort (0ms)
			DisableScriptedObjects (15ms)
			BackupInstance (0ms)
			ReleaseScriptingObjects (0ms)
			CreateAndSetChildDomain (74ms)
		EndReloadAssembly (1912ms)
			LoadAssemblies (190ms)
			RebuildTransferFunctionScriptingTraits (0ms)
			SetupTypeCache (815ms)
			ReleaseScriptCaches (2ms)
			RebuildScriptCaches (89ms)
			SetupLoadedEditorAssemblies (610ms)
				LogAssemblyErrors (0ms)
				InitializePlatformSupportModulesInManaged (9ms)
				SetLoadedEditorAssemblies (1ms)
				RefreshPlugins (1ms)
				BeforeProcessingInitializeOnLoad (123ms)
				ProcessInitializeOnLoadAttributes (448ms)
				ProcessInitializeOnLoadMethodAttributes (18ms)
				AfterProcessingInitializeOnLoad (9ms)
				EditorAssembliesLoaded (0ms)
			ExecutionOrderSort2 (0ms)
			AwakeInstancesAfterBackupRestoration (37ms)
Platform modules already initialized, skipping
Refreshing native plugins compatible for Editor in 1.11 ms, found 4 plugins.
Preloading 0 native plugins for Editor in 0.00 ms.
Unloading 3748 Unused Serialized files (Serialized files now loaded: 0)
System memory in use before: 144.7 MB.
System memory in use after: 145.0 MB.

Unloading 18 unused Assets to reduce memory usage. Loaded Objects now: 4287.
Total: 5.845800 ms (FindLiveObjects: 0.555800 ms CreateObjectMapping: 0.339500 ms MarkObjects: 4.906600 ms  DeleteObjects: 0.042000 ms)

AssetImportParameters requested are different than current active one (requested -> active):
  custom:framework-win-MediaFoundation: 216162199b28c13a410421893ffa2e32 -> 
  custom:video-decoder-ogg-theora: a1e56fd34408186e4bbccfd4996cb3dc -> 
  custom:container-muxer-webm: aa71ff27fc2769a1b78a27578f13a17b -> 
  custom:container-demuxer-webm: 4f35f7cbe854078d1ac9338744f61a02 -> 
  custom:container-demuxer-ogg: 62fdf1f143b41e24485cea50d1cbac27 -> 
  custom:video-encoder-webm-vp8: eb34c28f22e8b96e1ab97ce403110664 -> 
  custom:video-codec-MediaFoundation-h265: 746d11721c4dcdbdad8f713fa42b33f4 -> 
  custom:video-decoder-webm-vp8: 9c59270c3fd7afecdb556c50c9e8de78 -> 
  custom:audio-decoder-ogg-vorbis: bf7c407c2cedff20999df2af8eb42d56 -> 
  custom:audio-encoder-webm-vorbis: bf7c407c2cedff20999df2af8eb42d56 -> 
========================================================================
Received Import Request.
  Time since last request: 284.435568 seconds.
  path: Assets/Scenes/5A_Ending_Good.unity
  artifactKey: Guid(713108f6e6f2de3449df6ec37d48991c) Importer(815301076,1909f56bfc062723c751e8b465ee728b)
Start importing Assets/Scenes/5A_Ending_Good.unity using Guid(713108f6e6f2de3449df6ec37d48991c) Importer(815301076,1909f56bfc062723c751e8b465ee728b)  -> (artifact id: 'bad22c0304d5224c729b7bf076eb9f3c') in 0.034781 seconds 
========================================================================
Received Import Request.
  Time since last request: 2.041339 seconds.
  path: Assets/Scenes/5A_Ending_Good 1.unity
  artifactKey: Guid(339251ea84ca3f34ab8679469f8d779b) Importer(815301076,1909f56bfc062723c751e8b465ee728b)
Start importing Assets/Scenes/5A_Ending_Good 1.unity using Guid(339251ea84ca3f34ab8679469f8d779b) Importer(815301076,1909f56bfc062723c751e8b465ee728b)  -> (artifact id: '8fe8eeeefd63f7b04371eb065ab52df8') in 0.010295 seconds 
========================================================================
Received Import Request.
  Time since last request: 11.257858 seconds.
  path: Assets/Scenes/5B_Ending_Good.unity
  artifactKey: Guid(339251ea84ca3f34ab8679469f8d779b) Importer(815301076,1909f56bfc062723c751e8b465ee728b)
Start importing Assets/Scenes/5B_Ending_Good.unity using Guid(339251ea84ca3f34ab8679469f8d779b) Importer(815301076,1909f56bfc062723c751e8b465ee728b)  -> (artifact id: 'b8c28a0ef3cfa2d0c1a6f0e54e416034') in 0.011079 seconds 
========================================================================
Received Import Request.
  Time since last request: 2.634180 seconds.
  path: Assets/Scenes/5B_Ending_Good 1.unity
  artifactKey: Guid(bc9e63acc4b0c96449f24d4761976dd6) Importer(815301076,1909f56bfc062723c751e8b465ee728b)
Start importing Assets/Scenes/5B_Ending_Good 1.unity using Guid(bc9e63acc4b0c96449f24d4761976dd6) Importer(815301076,1909f56bfc062723c751e8b465ee728b)  -> (artifact id: 'eb0febf419eab8a3ff2a9bc6889fa2bb') in 0.013497 seconds 
========================================================================
Received Import Request.
  Time since last request: 17.165202 seconds.
  path: Assets/Scenes/5C_Ending_Good.unity
  artifactKey: Guid(bc9e63acc4b0c96449f24d4761976dd6) Importer(815301076,1909f56bfc062723c751e8b465ee728b)
Start importing Assets/Scenes/5C_Ending_Good.unity using Guid(bc9e63acc4b0c96449f24d4761976dd6) Importer(815301076,1909f56bfc062723c751e8b465ee728b)  -> (artifact id: 'b98b49a275125bc6a41fadb2f0d07046') in 0.011837 seconds 
========================================================================
Received Import Request.
  Time since last request: 41.794692 seconds.
  path: Assets/Scenes/3B_Build it yourself.unity
  artifactKey: Guid(0a1676d6d8c026543b28d3c3acc060eb) Importer(815301076,1909f56bfc062723c751e8b465ee728b)
Start importing Assets/Scenes/3B_Build it yourself.unity using Guid(0a1676d6d8c026543b28d3c3acc060eb) Importer(815301076,1909f56bfc062723c751e8b465ee728b)  -> (artifact id: '8aa3b4adc1b93bb97df4779190aa12f6') in 0.002807 seconds 
========================================================================
Received Import Request.
  Time since last request: 10.805229 seconds.
  path: Assets/Scenes/3C_Build it yourself.unity
  artifactKey: Guid(ab9a8bade7b040541bb01f71f415044c) Importer(815301076,1909f56bfc062723c751e8b465ee728b)
Start importing Assets/Scenes/3C_Build it yourself.unity using Guid(ab9a8bade7b040541bb01f71f415044c) Importer(815301076,1909f56bfc062723c751e8b465ee728b)  -> (artifact id: '62d33edd6d070de55289c260948d9277') in 0.003336 seconds 
========================================================================
Received Import Request.
  Time since last request: 42.819808 seconds.
  path: Assets/Scenes/3C_Build it yourself.unity
  artifactKey: Guid(ab9a8bade7b040541bb01f71f415044c) Importer(815301076,1909f56bfc062723c751e8b465ee728b)
Start importing Assets/Scenes/3C_Build it yourself.unity using Guid(ab9a8bade7b040541bb01f71f415044c) Importer(815301076,1909f56bfc062723c751e8b465ee728b)  -> (artifact id: '0c76901f7896d12b630a229ac535ea34') in 0.003756 seconds 
========================================================================
Received Import Request.
  Time since last request: 4.919945 seconds.
  path: Assets/Scenes/5B_Ending_Good.unity
  artifactKey: Guid(339251ea84ca3f34ab8679469f8d779b) Importer(815301076,1909f56bfc062723c751e8b465ee728b)
Start importing Assets/Scenes/5B_Ending_Good.unity using Guid(339251ea84ca3f34ab8679469f8d779b) Importer(815301076,1909f56bfc062723c751e8b465ee728b)  -> (artifact id: '634483a1b785c290638f6d5d8262f2a7') in 0.002974 seconds 
========================================================================
Received Prepare
Registering precompiled user dll's ...
Registered in 0.003942 seconds.
Begin MonoManager ReloadAssembly
Symbol file LoadedFromMemory doesn't match image C:\Users\yuval\Documents\GitHub\Totem_Cnannite\Library\PackageCache\com.unity.visualscripting@1.6.1\Editor\VisualScripting.Core\Dependencies\YamlDotNet\Unity.VisualScripting.YamlDotNet.dll
Symbol file LoadedFromMemory doesn't match image C:\Users\yuval\Documents\GitHub\Totem_Cnannite\Library\PackageCache\com.unity.visualscripting@1.6.1\Editor\VisualScripting.Core\Dependencies\DotNetZip\Unity.VisualScripting.IonicZip.dll
Native extension for WindowsStandalone target not found
Refreshing native plugins compatible for Editor in 1.07 ms, found 4 plugins.
Preloading 0 native plugins for Editor in 0.00 ms.
Mono: successfully reloaded assembly
- Completed reload, in  1.320 seconds
Domain Reload Profiling:
	ReloadAssembly (1320ms)
		BeginReloadAssembly (134ms)
			ExecutionOrderSort (0ms)
			DisableScriptedObjects (9ms)
			BackupInstance (0ms)
			ReleaseScriptingObjects (0ms)
			CreateAndSetChildDomain (39ms)
		EndReloadAssembly (1091ms)
			LoadAssemblies (112ms)
			RebuildTransferFunctionScriptingTraits (0ms)
			SetupTypeCache (445ms)
			ReleaseScriptCaches (1ms)
			RebuildScriptCaches (49ms)
			SetupLoadedEditorAssemblies (351ms)
				LogAssemblyErrors (0ms)
				InitializePlatformSupportModulesInManaged (7ms)
				SetLoadedEditorAssemblies (1ms)
				RefreshPlugins (1ms)
				BeforeProcessingInitializeOnLoad (80ms)
				ProcessInitializeOnLoadAttributes (248ms)
				ProcessInitializeOnLoadMethodAttributes (8ms)
				AfterProcessingInitializeOnLoad (4ms)
				EditorAssembliesLoaded (0ms)
			ExecutionOrderSort2 (0ms)
			AwakeInstancesAfterBackupRestoration (14ms)
Platform modules already initialized, skipping
Refreshing native plugins compatible for Editor in 1.18 ms, found 4 plugins.
Preloading 0 native plugins for Editor in 0.00 ms.
Unloading 3748 Unused Serialized files (Serialized files now loaded: 0)
System memory in use before: 144.8 MB.
System memory in use after: 145.0 MB.

Unloading 18 unused Assets to reduce memory usage. Loaded Objects now: 4290.
Total: 6.063300 ms (FindLiveObjects: 0.438500 ms CreateObjectMapping: 0.212300 ms MarkObjects: 5.364400 ms  DeleteObjects: 0.046200 ms)

AssetImportParameters requested are different than current active one (requested -> active):
  custom:framework-win-MediaFoundation: 216162199b28c13a410421893ffa2e32 -> 
  custom:video-decoder-ogg-theora: a1e56fd34408186e4bbccfd4996cb3dc -> 
  custom:container-muxer-webm: aa71ff27fc2769a1b78a27578f13a17b -> 
  custom:container-demuxer-webm: 4f35f7cbe854078d1ac9338744f61a02 -> 
  custom:container-demuxer-ogg: 62fdf1f143b41e24485cea50d1cbac27 -> 
  custom:video-encoder-webm-vp8: eb34c28f22e8b96e1ab97ce403110664 -> 
  custom:video-codec-MediaFoundation-h265: 746d11721c4dcdbdad8f713fa42b33f4 -> 
  custom:video-decoder-webm-vp8: 9c59270c3fd7afecdb556c50c9e8de78 -> 
  custom:audio-decoder-ogg-vorbis: bf7c407c2cedff20999df2af8eb42d56 -> 
  custom:audio-encoder-webm-vorbis: bf7c407c2cedff20999df2af8eb42d56 -> 
========================================================================
Received Prepare
Registering precompiled user dll's ...
Registered in 0.009913 seconds.
Begin MonoManager ReloadAssembly
Symbol file LoadedFromMemory doesn't match image C:\Users\yuval\Documents\GitHub\Totem_Cnannite\Library\PackageCache\com.unity.visualscripting@1.6.1\Editor\VisualScripting.Core\Dependencies\YamlDotNet\Unity.VisualScripting.YamlDotNet.dll
Symbol file LoadedFromMemory doesn't match image C:\Users\yuval\Documents\GitHub\Totem_Cnannite\Library\PackageCache\com.unity.visualscripting@1.6.1\Editor\VisualScripting.Core\Dependencies\DotNetZip\Unity.VisualScripting.IonicZip.dll
Native extension for WindowsStandalone target not found
Refreshing native plugins compatible for Editor in 0.92 ms, found 4 plugins.
Preloading 0 native plugins for Editor in 0.00 ms.
Mono: successfully reloaded assembly
- Completed reload, in  1.762 seconds
Domain Reload Profiling:
	ReloadAssembly (1763ms)
		BeginReloadAssembly (221ms)
			ExecutionOrderSort (0ms)
			DisableScriptedObjects (17ms)
			BackupInstance (0ms)
			ReleaseScriptingObjects (0ms)
			CreateAndSetChildDomain (70ms)
		EndReloadAssembly (1434ms)
			LoadAssemblies (161ms)
			RebuildTransferFunctionScriptingTraits (0ms)
			SetupTypeCache (571ms)
			ReleaseScriptCaches (2ms)
			RebuildScriptCaches (74ms)
			SetupLoadedEditorAssemblies (486ms)
				LogAssemblyErrors (0ms)
				InitializePlatformSupportModulesInManaged (7ms)
				SetLoadedEditorAssemblies (1ms)
				RefreshPlugins (1ms)
				BeforeProcessingInitializeOnLoad (88ms)
				ProcessInitializeOnLoadAttributes (366ms)
				ProcessInitializeOnLoadMethodAttributes (16ms)
				AfterProcessingInitializeOnLoad (7ms)
				EditorAssembliesLoaded (0ms)
			ExecutionOrderSort2 (0ms)
			AwakeInstancesAfterBackupRestoration (23ms)
Platform modules already initialized, skipping
Refreshing native plugins compatible for Editor in 0.99 ms, found 4 plugins.
Preloading 0 native plugins for Editor in 0.00 ms.
Unloading 3748 Unused Serialized files (Serialized files now loaded: 0)
System memory in use before: 144.8 MB.
System memory in use after: 145.0 MB.

Unloading 18 unused Assets to reduce memory usage. Loaded Objects now: 4293.
Total: 4.225800 ms (FindLiveObjects: 0.287700 ms CreateObjectMapping: 0.173600 ms MarkObjects: 3.731800 ms  DeleteObjects: 0.030800 ms)

AssetImportParameters requested are different than current active one (requested -> active):
  custom:framework-win-MediaFoundation: 216162199b28c13a410421893ffa2e32 -> 
  custom:video-decoder-ogg-theora: a1e56fd34408186e4bbccfd4996cb3dc -> 
  custom:container-muxer-webm: aa71ff27fc2769a1b78a27578f13a17b -> 
  custom:container-demuxer-webm: 4f35f7cbe854078d1ac9338744f61a02 -> 
  custom:container-demuxer-ogg: 62fdf1f143b41e24485cea50d1cbac27 -> 
  custom:video-encoder-webm-vp8: eb34c28f22e8b96e1ab97ce403110664 -> 
  custom:video-codec-MediaFoundation-h265: 746d11721c4dcdbdad8f713fa42b33f4 -> 
  custom:video-decoder-webm-vp8: 9c59270c3fd7afecdb556c50c9e8de78 -> 
  custom:audio-decoder-ogg-vorbis: bf7c407c2cedff20999df2af8eb42d56 -> 
  custom:audio-encoder-webm-vorbis: bf7c407c2cedff20999df2af8eb42d56 -> 
AssetImportWorkerClient::OnTransportError - code=2 error=End of file
