Using pre-set license
Built from '2021.1/staging' branch; Version is '2021.1.21f1 (f2d5d3c59f8c) revision 15914451'; Using compiler version '192528614'; Build Type 'Release'
OS: 'Windows 10 Home; OS build 22000.795; Version 2009; 64bit' Language: 'en' Physical Memory: 15776 MB
BatchMode: 1, IsHumanControllingUs: 0, StartBugReporterOnCrash: 0, Is64bit: 1, IsPro: 0

COMMAND LINE ARGUMENTS:
C:\Program Files\Unity\Hub\Editor\2021.1.21f1\Editor\Unity.exe
-adb2
-batchMode
-noUpm
-name
AssetImportWorker0
-projectPath
C:/Users/krop8/Documents/GitHub/totem jam 2/Totem_Cnannite
-logFile
Logs/AssetImportWorker0.log
-srvPort
54014
Successfully changed project path to: C:/Users/krop8/Documents/GitHub/totem jam 2/Totem_Cnannite
C:/Users/krop8/Documents/GitHub/totem jam 2/Totem_Cnannite
Using Asset Import Pipeline V2.
Refreshing native plugins compatible for Editor in 97.20 ms, found 4 plugins.
Preloading 0 native plugins for Editor in 0.00 ms.
Initialize engine version: 2021.1.21f1 (f2d5d3c59f8c)
[Subsystems] Discovering subsystems at path C:/Program Files/Unity/Hub/Editor/2021.1.21f1/Editor/Data/Resources/UnitySubsystems
[Subsystems] Discovering subsystems at path C:/Users/krop8/Documents/GitHub/totem jam 2/Totem_Cnannite/Assets
GfxDevice: creating device client; threaded=0; jobified=0
Direct3D:
    Version:  Direct3D 11.0 [level 11.1]
    Renderer: NVIDIA GeForce RTX 3070 Laptop GPU (ID=0x249d)
    Vendor:   NVIDIA
    VRAM:     8044 MB
    Driver:   31.0.15.1659
Initialize mono
Mono path[0] = 'C:/Program Files/Unity/Hub/Editor/2021.1.21f1/Editor/Data/Managed'
Mono path[1] = 'C:/Program Files/Unity/Hub/Editor/2021.1.21f1/Editor/Data/MonoBleedingEdge/lib/mono/unityjit'
Mono config path = 'C:/Program Files/Unity/Hub/Editor/2021.1.21f1/Editor/Data/MonoBleedingEdge/etc'
Using monoOptions --debugger-agent=transport=dt_socket,embedding=1,server=y,suspend=n,address=127.0.0.1:56488
Begin MonoManager ReloadAssembly
Registering precompiled unity dll's ...
Register platform support module: C:/Program Files/Unity/Hub/Editor/2021.1.21f1/Editor/Data/PlaybackEngines/MacStandaloneSupport/UnityEditor.OSXStandalone.Extensions.dll
Register platform support module: C:/Program Files/Unity/Hub/Editor/2021.1.21f1/Editor/Data/PlaybackEngines/WindowsStandaloneSupport/UnityEditor.WindowsStandalone.Extensions.dll
Registered in 0.001861 seconds.
Native extension for WindowsStandalone target not found
Native extension for OSXStandalone target not found
Refreshing native plugins compatible for Editor in 100.57 ms, found 4 plugins.
Preloading 0 native plugins for Editor in 0.00 ms.
Mono: successfully reloaded assembly
- Completed reload, in  1.112 seconds
Domain Reload Profiling:
	ReloadAssembly (1112ms)
		BeginReloadAssembly (60ms)
			ExecutionOrderSort (0ms)
			DisableScriptedObjects (0ms)
			BackupInstance (0ms)
			ReleaseScriptingObjects (0ms)
			CreateAndSetChildDomain (1ms)
		EndReloadAssembly (433ms)
			LoadAssemblies (59ms)
			RebuildTransferFunctionScriptingTraits (0ms)
			SetupTypeCache (140ms)
			ReleaseScriptCaches (0ms)
			RebuildScriptCaches (24ms)
			SetupLoadedEditorAssemblies (227ms)
				LogAssemblyErrors (0ms)
				InitializePlatformSupportModulesInManaged (7ms)
				SetLoadedEditorAssemblies (0ms)
				RefreshPlugins (101ms)
				BeforeProcessingInitializeOnLoad (1ms)
				ProcessInitializeOnLoadAttributes (90ms)
				ProcessInitializeOnLoadMethodAttributes (28ms)
				AfterProcessingInitializeOnLoad (0ms)
				EditorAssembliesLoaded (0ms)
			ExecutionOrderSort2 (0ms)
			AwakeInstancesAfterBackupRestoration (0ms)
Platform modules already initialized, skipping
Registering precompiled user dll's ...
Registered in 0.005359 seconds.
Begin MonoManager ReloadAssembly
Symbol file LoadedFromMemory doesn't match image C:\Users\krop8\Documents\GitHub\totem jam 2\Totem_Cnannite\Library\PackageCache\com.unity.visualscripting@1.6.1\Editor\VisualScripting.Core\Dependencies\YamlDotNet\Unity.VisualScripting.YamlDotNet.dll
Symbol file LoadedFromMemory doesn't match image C:\Users\krop8\Documents\GitHub\totem jam 2\Totem_Cnannite\Library\PackageCache\com.unity.visualscripting@1.6.1\Editor\VisualScripting.Core\Dependencies\DotNetZip\Unity.VisualScripting.IonicZip.dll
Native extension for WindowsStandalone target not found
Native extension for OSXStandalone target not found
Refreshing native plugins compatible for Editor in 97.94 ms, found 4 plugins.
Preloading 0 native plugins for Editor in 0.00 ms.
Mono: successfully reloaded assembly
- Completed reload, in  1.118 seconds
Domain Reload Profiling:
	ReloadAssembly (1118ms)
		BeginReloadAssembly (137ms)
			ExecutionOrderSort (0ms)
			DisableScriptedObjects (5ms)
			BackupInstance (0ms)
			ReleaseScriptingObjects (0ms)
			CreateAndSetChildDomain (21ms)
		EndReloadAssembly (931ms)
			LoadAssemblies (95ms)
			RebuildTransferFunctionScriptingTraits (0ms)
			SetupTypeCache (306ms)
			ReleaseScriptCaches (1ms)
			RebuildScriptCaches (45ms)
			SetupLoadedEditorAssemblies (416ms)
				LogAssemblyErrors (0ms)
				InitializePlatformSupportModulesInManaged (5ms)
				SetLoadedEditorAssemblies (0ms)
				RefreshPlugins (98ms)
				BeforeProcessingInitializeOnLoad (79ms)
				ProcessInitializeOnLoadAttributes (212ms)
				ProcessInitializeOnLoadMethodAttributes (18ms)
				AfterProcessingInitializeOnLoad (4ms)
				EditorAssembliesLoaded (0ms)
			ExecutionOrderSort2 (0ms)
			AwakeInstancesAfterBackupRestoration (6ms)
Platform modules already initialized, skipping
========================================================================
Worker process is ready to serve import requests
Launched and connected shader compiler UnityShaderCompiler.exe after 0.04 seconds
Refreshing native plugins compatible for Editor in 1.39 ms, found 4 plugins.
Preloading 0 native plugins for Editor in 0.00 ms.
Unloading 3771 Unused Serialized files (Serialized files now loaded: 0)
System memory in use before: 141.0 MB.
System memory in use after: 141.2 MB.

Unloading 30 unused Assets to reduce memory usage. Loaded Objects now: 4221.
Total: 3.573200 ms (FindLiveObjects: 0.332100 ms CreateObjectMapping: 0.090300 ms MarkObjects: 3.010100 ms  DeleteObjects: 0.139800 ms)

AssetImportParameters requested are different than current active one (requested -> active):
  custom:framework-win-MediaFoundation: 216162199b28c13a410421893ffa2e32 -> 
  custom:video-decoder-ogg-theora: a1e56fd34408186e4bbccfd4996cb3dc -> 
  custom:container-muxer-webm: aa71ff27fc2769a1b78a27578f13a17b -> 
  custom:container-demuxer-webm: 4f35f7cbe854078d1ac9338744f61a02 -> 
  custom:container-demuxer-ogg: 62fdf1f143b41e24485cea50d1cbac27 -> 
  custom:video-encoder-webm-vp8: eb34c28f22e8b96e1ab97ce403110664 -> 
  custom:video-codec-MediaFoundation-h265: 746d11721c4dcdbdad8f713fa42b33f4 -> 
  custom:video-decoder-webm-vp8: 9c59270c3fd7afecdb556c50c9e8de78 -> 
  custom:audio-decoder-ogg-vorbis: bf7c407c2cedff20999df2af8eb42d56 -> 
  custom:audio-encoder-webm-vorbis: bf7c407c2cedff20999df2af8eb42d56 -> 
========================================================================
Received Import Request.
  path: Assets/Art/Main Background.png
  artifactKey: Guid(81bb26d506f90ca42a6dc23d74052eeb) Importer(815301076,1909f56bfc062723c751e8b465ee728b)
Start importing Assets/Art/Main Background.png using Guid(81bb26d506f90ca42a6dc23d74052eeb) Importer(815301076,1909f56bfc062723c751e8b465ee728b)  -> (artifact id: 'aeea8bda3f422f0450ab5217e5306c68') in 0.113167 seconds 
========================================================================
Received Import Request.
  Time since last request: 0.000222 seconds.
  path: Assets/Art/Return.png
  artifactKey: Guid(f6c86a7fe3d4e8c449f4a6ebed2c7eeb) Importer(815301076,1909f56bfc062723c751e8b465ee728b)
Start importing Assets/Art/Return.png using Guid(f6c86a7fe3d4e8c449f4a6ebed2c7eeb) Importer(815301076,1909f56bfc062723c751e8b465ee728b)  -> (artifact id: '2f5db5f843029f8e6dc88e2bcd4c8028') in 0.012420 seconds 
========================================================================
Received Import Request.
  Time since last request: 0.000222 seconds.
  path: Assets/Art/About screen no Return.png
  artifactKey: Guid(a591c00455e007941b73e88bbd338d90) Importer(815301076,1909f56bfc062723c751e8b465ee728b)
Start importing Assets/Art/About screen no Return.png using Guid(a591c00455e007941b73e88bbd338d90) Importer(815301076,1909f56bfc062723c751e8b465ee728b)  -> (artifact id: '62b08e3524cb8a10bde60b64789e08ff') in 0.027279 seconds 
========================================================================
Received Import Request.
  Time since last request: 0.000176 seconds.
  path: Assets/Music/level win - the people clapping and cheering.mp3
  artifactKey: Guid(d2c2cc174528d1e45acf6f332db86259) Importer(815301076,1909f56bfc062723c751e8b465ee728b)
Start importing Assets/Music/level win - the people clapping and cheering.mp3 using Guid(d2c2cc174528d1e45acf6f332db86259) Importer(815301076,1909f56bfc062723c751e8b465ee728b)  -> (artifact id: '23952b3c0cb461d34ae5b5585b1631c2') in 0.030073 seconds 
========================================================================
Received Import Request.
  Time since last request: 0.000177 seconds.
  path: Assets/Music/main theme music - סקיצה (1).mp3
  artifactKey: Guid(ecc1aa4eb21e8db488d8cb2797625d0e) Importer(815301076,1909f56bfc062723c751e8b465ee728b)
Start importing Assets/Music/main theme music - סקיצה (1).mp3 using Guid(ecc1aa4eb21e8db488d8cb2797625d0e) Importer(815301076,1909f56bfc062723c751e8b465ee728b)  -> (artifact id: 'b2864845f025c3380e1611ea8da331a6') in 0.010412 seconds 
========================================================================
Received Import Request.
  Time since last request: 0.000228 seconds.
  path: Assets/Art/Prophet.png
  artifactKey: Guid(dc0cb6b420b3f6948a35b111420adbc8) Importer(815301076,1909f56bfc062723c751e8b465ee728b)
Start importing Assets/Art/Prophet.png using Guid(dc0cb6b420b3f6948a35b111420adbc8) Importer(815301076,1909f56bfc062723c751e8b465ee728b)  -> (artifact id: '027dfba296ff438cc7bb60bfe7beb550') in 0.011129 seconds 
========================================================================
Received Import Request.
  Time since last request: 0.000185 seconds.
  path: Assets/Music/game win music.mp3
  artifactKey: Guid(1d9b92927b9f8f24bbcbdcaaa0efe742) Importer(815301076,1909f56bfc062723c751e8b465ee728b)
Start importing Assets/Music/game win music.mp3 using Guid(1d9b92927b9f8f24bbcbdcaaa0efe742) Importer(815301076,1909f56bfc062723c751e8b465ee728b)  -> (artifact id: '1ca2453a094915e9de01b5f03e08cbb1') in 0.010029 seconds 
========================================================================
Received Import Request.
  Time since last request: 0.000210 seconds.
  path: Assets/Music/Main Music - on loop.mp3
  artifactKey: Guid(da5b6dab00f50d04881d250470cb634e) Importer(815301076,1909f56bfc062723c751e8b465ee728b)
Start importing Assets/Music/Main Music - on loop.mp3 using Guid(da5b6dab00f50d04881d250470cb634e) Importer(815301076,1909f56bfc062723c751e8b465ee728b)  -> (artifact id: '4fb580682b60e123f3d5c18766e58434') in 0.012579 seconds 
========================================================================
Received Import Request.
  Time since last request: 0.000192 seconds.
  path: Assets/Music/game over, crowd booing, tomatoes - on loop.mp3
  artifactKey: Guid(c20325f50b854ab42af4ff84dd5d397d) Importer(815301076,1909f56bfc062723c751e8b465ee728b)
Start importing Assets/Music/game over, crowd booing, tomatoes - on loop.mp3 using Guid(c20325f50b854ab42af4ff84dd5d397d) Importer(815301076,1909f56bfc062723c751e8b465ee728b)  -> (artifact id: '7564130c6b4387552899f250dfd0ec12') in 0.009787 seconds 
========================================================================
Received Import Request.
  Time since last request: 2.034681 seconds.
  path: Assets/Scenes
  artifactKey: Guid(131a6b21c8605f84396be9f6751fb6e3) Importer(815301076,1909f56bfc062723c751e8b465ee728b)
Start importing Assets/Scenes using Guid(131a6b21c8605f84396be9f6751fb6e3) Importer(815301076,1909f56bfc062723c751e8b465ee728b)  -> (artifact id: 'ffae677c86e903bacef8065336249a81') in 0.005864 seconds 
========================================================================
Received Import Request.
  Time since last request: 1.282267 seconds.
  path: Assets/Scenes/3A_Build it yourself.unity
  artifactKey: Guid(bbe8055d2d02ee146bffc5e2107e84cb) Importer(815301076,1909f56bfc062723c751e8b465ee728b)
Start importing Assets/Scenes/3A_Build it yourself.unity using Guid(bbe8055d2d02ee146bffc5e2107e84cb) Importer(815301076,1909f56bfc062723c751e8b465ee728b)  -> (artifact id: 'cf2d4c1e544d319e5e49e3deb4ad3326') in 0.005857 seconds 
========================================================================
Received Import Request.
  Time since last request: 2.794433 seconds.
  path: Assets/Scenes/1_About Game.unity
  artifactKey: Guid(4ec16128bbd3e3d4c987f2f58e0cbe8c) Importer(815301076,1909f56bfc062723c751e8b465ee728b)
Start importing Assets/Scenes/1_About Game.unity using Guid(4ec16128bbd3e3d4c987f2f58e0cbe8c) Importer(815301076,1909f56bfc062723c751e8b465ee728b)  -> (artifact id: '7437e5783d8a67bbf45eb7fc16aad40f') in 0.005228 seconds 
========================================================================
Received Import Request.
  Time since last request: 55.795012 seconds.
  path: Assets/Scenes/3C_Build it yourself.unity
  artifactKey: Guid(ab9a8bade7b040541bb01f71f415044c) Importer(815301076,1909f56bfc062723c751e8b465ee728b)
Start importing Assets/Scenes/3C_Build it yourself.unity using Guid(ab9a8bade7b040541bb01f71f415044c) Importer(815301076,1909f56bfc062723c751e8b465ee728b)  -> (artifact id: 'bf93279f593db19bdc0da66b54dd4ea4') in 0.006797 seconds 
AssetImportWorkerClient::OnTransportError - code=2 error=End of file
