Using pre-set license
Built from '2021.1/staging' branch; Version is '2021.1.21f1 (f2d5d3c59f8c) revision 15914451'; Using compiler version '192528614'; Build Type 'Release'
OS: 'Windows 10 Pro; OS build 22000.832; Version 2009; 64bit' Language: 'en' Physical Memory: 15970 MB
BatchMode: 1, IsHumanControllingUs: 0, StartBugReporterOnCrash: 0, Is64bit: 1, IsPro: 0

COMMAND LINE ARGUMENTS:
C:\Program Files\Unity\Hub\Editor\2021.1.21f1\Editor\Unity.exe
-adb2
-batchMode
-noUpm
-name
AssetImportWorker0
-projectPath
C:/Users/yuval/Documents/GitHub/Totem_Cnnanite
-logFile
Logs/AssetImportWorker0.log
-srvPort
57858
Successfully changed project path to: C:/Users/yuval/Documents/GitHub/Totem_Cnnanite
C:/Users/yuval/Documents/GitHub/Totem_Cnnanite
Using Asset Import Pipeline V2.
Refreshing native plugins compatible for Editor in 177.84 ms, found 4 plugins.
Preloading 0 native plugins for Editor in 0.00 ms.
Initialize engine version: 2021.1.21f1 (f2d5d3c59f8c)
[Subsystems] Discovering subsystems at path C:/Program Files/Unity/Hub/Editor/2021.1.21f1/Editor/Data/Resources/UnitySubsystems
[Subsystems] Discovering subsystems at path C:/Users/yuval/Documents/GitHub/Totem_Cnnanite/Assets
GfxDevice: creating device client; threaded=0; jobified=0
Direct3D:
    Version:  Direct3D 11.0 [level 11.1]
    Renderer: Intel(R) Iris(R) Plus Graphics (ID=0x8a52)
    Vendor:   Intel
    VRAM:     7985 MB
    Driver:   27.20.100.9621
Initialize mono
Mono path[0] = 'C:/Program Files/Unity/Hub/Editor/2021.1.21f1/Editor/Data/Managed'
Mono path[1] = 'C:/Program Files/Unity/Hub/Editor/2021.1.21f1/Editor/Data/MonoBleedingEdge/lib/mono/unityjit'
Mono config path = 'C:/Program Files/Unity/Hub/Editor/2021.1.21f1/Editor/Data/MonoBleedingEdge/etc'
Using monoOptions --debugger-agent=transport=dt_socket,embedding=1,server=y,suspend=n,address=127.0.0.1:56640
Begin MonoManager ReloadAssembly
Registering precompiled unity dll's ...
Register platform support module: C:/Program Files/Unity/Hub/Editor/2021.1.21f1/Editor/Data/PlaybackEngines/WindowsStandaloneSupport/UnityEditor.WindowsStandalone.Extensions.dll
Registered in 0.001332 seconds.
Native extension for WindowsStandalone target not found
Refreshing native plugins compatible for Editor in 155.39 ms, found 4 plugins.
Preloading 0 native plugins for Editor in 0.00 ms.
Mono: successfully reloaded assembly
- Completed reload, in  1.698 seconds
Domain Reload Profiling:
	ReloadAssembly (1698ms)
		BeginReloadAssembly (93ms)
			ExecutionOrderSort (0ms)
			DisableScriptedObjects (0ms)
			BackupInstance (0ms)
			ReleaseScriptingObjects (0ms)
			CreateAndSetChildDomain (1ms)
		EndReloadAssembly (675ms)
			LoadAssemblies (89ms)
			RebuildTransferFunctionScriptingTraits (0ms)
			SetupTypeCache (219ms)
			ReleaseScriptCaches (0ms)
			RebuildScriptCaches (40ms)
			SetupLoadedEditorAssemblies (348ms)
				LogAssemblyErrors (0ms)
				InitializePlatformSupportModulesInManaged (10ms)
				SetLoadedEditorAssemblies (0ms)
				RefreshPlugins (156ms)
				BeforeProcessingInitializeOnLoad (2ms)
				ProcessInitializeOnLoadAttributes (136ms)
				ProcessInitializeOnLoadMethodAttributes (44ms)
				AfterProcessingInitializeOnLoad (0ms)
				EditorAssembliesLoaded (0ms)
			ExecutionOrderSort2 (0ms)
			AwakeInstancesAfterBackupRestoration (0ms)
Platform modules already initialized, skipping
Registering precompiled user dll's ...
Registered in 0.006722 seconds.
Begin MonoManager ReloadAssembly
Symbol file LoadedFromMemory doesn't match image C:\Users\yuval\Documents\GitHub\Totem_Cnnanite\Library\PackageCache\com.unity.visualscripting@1.6.1\Editor\VisualScripting.Core\Dependencies\YamlDotNet\Unity.VisualScripting.YamlDotNet.dll
Symbol file LoadedFromMemory doesn't match image C:\Users\yuval\Documents\GitHub\Totem_Cnnanite\Library\PackageCache\com.unity.visualscripting@1.6.1\Editor\VisualScripting.Core\Dependencies\DotNetZip\Unity.VisualScripting.IonicZip.dll
Native extension for WindowsStandalone target not found
Refreshing native plugins compatible for Editor in 149.13 ms, found 4 plugins.
Preloading 0 native plugins for Editor in 0.00 ms.
Mono: successfully reloaded assembly
- Completed reload, in  1.768 seconds
Domain Reload Profiling:
	ReloadAssembly (1769ms)
		BeginReloadAssembly (193ms)
			ExecutionOrderSort (0ms)
			DisableScriptedObjects (6ms)
			BackupInstance (0ms)
			ReleaseScriptingObjects (0ms)
			CreateAndSetChildDomain (29ms)
		EndReloadAssembly (1493ms)
			LoadAssemblies (135ms)
			RebuildTransferFunctionScriptingTraits (0ms)
			SetupTypeCache (474ms)
			ReleaseScriptCaches (1ms)
			RebuildScriptCaches (86ms)
			SetupLoadedEditorAssemblies (671ms)
				LogAssemblyErrors (0ms)
				InitializePlatformSupportModulesInManaged (6ms)
				SetLoadedEditorAssemblies (0ms)
				RefreshPlugins (149ms)
				BeforeProcessingInitializeOnLoad (121ms)
				ProcessInitializeOnLoadAttributes (361ms)
				ProcessInitializeOnLoadMethodAttributes (27ms)
				AfterProcessingInitializeOnLoad (6ms)
				EditorAssembliesLoaded (0ms)
			ExecutionOrderSort2 (0ms)
			AwakeInstancesAfterBackupRestoration (11ms)
Platform modules already initialized, skipping
========================================================================
Worker process is ready to serve import requests
Launched and connected shader compiler UnityShaderCompiler.exe after 0.06 seconds
Refreshing native plugins compatible for Editor in 1.21 ms, found 4 plugins.
Preloading 0 native plugins for Editor in 0.00 ms.
Unloading 3771 Unused Serialized files (Serialized files now loaded: 0)
System memory in use before: 140.9 MB.
System memory in use after: 141.2 MB.

Unloading 30 unused Assets to reduce memory usage. Loaded Objects now: 4221.
Total: 4.063500 ms (FindLiveObjects: 0.268500 ms CreateObjectMapping: 0.156000 ms MarkObjects: 3.547300 ms  DeleteObjects: 0.089900 ms)

AssetImportParameters requested are different than current active one (requested -> active):
  custom:framework-win-MediaFoundation: 216162199b28c13a410421893ffa2e32 -> 
  custom:video-decoder-ogg-theora: a1e56fd34408186e4bbccfd4996cb3dc -> 
  custom:container-muxer-webm: aa71ff27fc2769a1b78a27578f13a17b -> 
  custom:container-demuxer-webm: 4f35f7cbe854078d1ac9338744f61a02 -> 
  custom:container-demuxer-ogg: 62fdf1f143b41e24485cea50d1cbac27 -> 
  custom:video-encoder-webm-vp8: eb34c28f22e8b96e1ab97ce403110664 -> 
  custom:video-codec-MediaFoundation-h265: 746d11721c4dcdbdad8f713fa42b33f4 -> 
  custom:video-decoder-webm-vp8: 9c59270c3fd7afecdb556c50c9e8de78 -> 
  custom:audio-decoder-ogg-vorbis: bf7c407c2cedff20999df2af8eb42d56 -> 
  custom:audio-encoder-webm-vorbis: bf7c407c2cedff20999df2af8eb42d56 -> 
========================================================================
Received Import Request.
  path: Assets/Art/Opening and Ending/Opening _ Ending screens/Opening screen.png
  artifactKey: Guid(04b99088a5d5b224c8cb5c1fea280c88) Importer(815301076,1909f56bfc062723c751e8b465ee728b)
Start importing Assets/Art/Opening and Ending/Opening _ Ending screens/Opening screen.png using Guid(04b99088a5d5b224c8cb5c1fea280c88) Importer(815301076,1909f56bfc062723c751e8b465ee728b)  -> (artifact id: '5afc532d5d6d2cd4ae23dc12d1d60207') in 0.148230 seconds 
========================================================================
Received Import Request.
  Time since last request: 0.000354 seconds.
  path: Assets/Art/Opening and Ending/Opening _ Ending screens/Tomatos.png
  artifactKey: Guid(2e811070fb2df5c439665236afd2a9e4) Importer(815301076,1909f56bfc062723c751e8b465ee728b)
Start importing Assets/Art/Opening and Ending/Opening _ Ending screens/Tomatos.png using Guid(2e811070fb2df5c439665236afd2a9e4) Importer(815301076,1909f56bfc062723c751e8b465ee728b)  -> (artifact id: '59af2550c51a2cf2922c85495e759561') in 0.025958 seconds 
========================================================================
Received Import Request.
  Time since last request: 0.000543 seconds.
  path: Assets/Art/Main Background.png
  artifactKey: Guid(81bb26d506f90ca42a6dc23d74052eeb) Importer(815301076,1909f56bfc062723c751e8b465ee728b)
Start importing Assets/Art/Main Background.png using Guid(81bb26d506f90ca42a6dc23d74052eeb) Importer(815301076,1909f56bfc062723c751e8b465ee728b)  -> (artifact id: '1ce53b8e743d4aeffafbb8043131e3ba') in 0.035189 seconds 
========================================================================
Received Import Request.
  Time since last request: 0.000389 seconds.
  path: Assets/Art/Opening and Ending/Opening _ Ending screens/About.png
  artifactKey: Guid(82af5d73da53e4f4f94fa80e0988133d) Importer(815301076,1909f56bfc062723c751e8b465ee728b)
Start importing Assets/Art/Opening and Ending/Opening _ Ending screens/About.png using Guid(82af5d73da53e4f4f94fa80e0988133d) Importer(815301076,1909f56bfc062723c751e8b465ee728b)  -> (artifact id: 'd757495adf5af7dabac301c32816aea5') in 0.034714 seconds 
========================================================================
Received Import Request.
  Time since last request: 0.000316 seconds.
  path: Assets/Art/Opening and Ending/Opening _ Ending screens/Rules.png
  artifactKey: Guid(f60f2e6b6547c644daaa8f8178af2755) Importer(815301076,1909f56bfc062723c751e8b465ee728b)
Start importing Assets/Art/Opening and Ending/Opening _ Ending screens/Rules.png using Guid(f60f2e6b6547c644daaa8f8178af2755) Importer(815301076,1909f56bfc062723c751e8b465ee728b)  -> (artifact id: '0b02c4051e4b548559004be313f0a22a') in 0.037539 seconds 
========================================================================
Received Import Request.
  Time since last request: 0.000298 seconds.
  path: Assets/Art/Opening and Ending
  artifactKey: Guid(83199e4c604a42d4baf07fd1ee6cdd91) Importer(815301076,1909f56bfc062723c751e8b465ee728b)
Start importing Assets/Art/Opening and Ending using Guid(83199e4c604a42d4baf07fd1ee6cdd91) Importer(815301076,1909f56bfc062723c751e8b465ee728b)  -> (artifact id: '3a8a445633f1b5e6bbd7e73d9e5d27d3') in 0.013688 seconds 
========================================================================
Received Import Request.
  Time since last request: 0.000558 seconds.
  path: Assets/Art/Opening and Ending/Opening _ Ending screens/podest.png
  artifactKey: Guid(248d89be83cba6446a4c9b9ff35ad413) Importer(815301076,1909f56bfc062723c751e8b465ee728b)
Start importing Assets/Art/Opening and Ending/Opening _ Ending screens/podest.png using Guid(248d89be83cba6446a4c9b9ff35ad413) Importer(815301076,1909f56bfc062723c751e8b465ee728b)  -> (artifact id: 'd3b90166767ce8949e3afbc8d620ad95') in 0.038732 seconds 
========================================================================
Received Import Request.
  Time since last request: 0.000293 seconds.
  path: Assets/Art/Opening and Ending/Opening _ Ending screens/Light for pedestal .png
  artifactKey: Guid(6b492758f539df04397b6747347e8877) Importer(815301076,1909f56bfc062723c751e8b465ee728b)
Start importing Assets/Art/Opening and Ending/Opening _ Ending screens/Light for pedestal .png using Guid(6b492758f539df04397b6747347e8877) Importer(815301076,1909f56bfc062723c751e8b465ee728b)  -> (artifact id: '298f2701f0b986817f96d19962e9f52b') in 0.031937 seconds 
========================================================================
Received Import Request.
  Time since last request: 0.000355 seconds.
  path: Assets/Art/Prophet.png
  artifactKey: Guid(dc0cb6b420b3f6948a35b111420adbc8) Importer(815301076,1909f56bfc062723c751e8b465ee728b)
Start importing Assets/Art/Prophet.png using Guid(dc0cb6b420b3f6948a35b111420adbc8) Importer(815301076,1909f56bfc062723c751e8b465ee728b)  -> (artifact id: '3cf63308a0e9af8401cca8272d407211') in 0.032840 seconds 
========================================================================
Received Import Request.
  Time since last request: 0.000522 seconds.
  path: Assets/Art/Opening and Ending/Opening _ Ending screens/podest-export empty .png
  artifactKey: Guid(5c0bfe707fa73444291e5842c6829dde) Importer(815301076,1909f56bfc062723c751e8b465ee728b)
Start importing Assets/Art/Opening and Ending/Opening _ Ending screens/podest-export empty .png using Guid(5c0bfe707fa73444291e5842c6829dde) Importer(815301076,1909f56bfc062723c751e8b465ee728b)  -> (artifact id: '91eecbccdacc3726a53bfe12f3eb944d') in 0.034397 seconds 
========================================================================
Received Import Request.
  Time since last request: 0.000316 seconds.
  path: Assets/Art/Opening and Ending/Opening _ Ending screens
  artifactKey: Guid(7b93dd5963c74c74db0398f43c20a776) Importer(815301076,1909f56bfc062723c751e8b465ee728b)
Start importing Assets/Art/Opening and Ending/Opening _ Ending screens using Guid(7b93dd5963c74c74db0398f43c20a776) Importer(815301076,1909f56bfc062723c751e8b465ee728b)  -> (artifact id: '3e3ff7a01e67d8912b0e5ba8ffcb2c8d') in 0.011961 seconds 
========================================================================
Received Import Request.
  Time since last request: 0.000361 seconds.
  path: Assets/Art/Opening and Ending/Opening _ Ending screens/Screen of defeat Example.jpg
  artifactKey: Guid(1728394f11ff8ca4e82d3122290aeb5d) Importer(815301076,1909f56bfc062723c751e8b465ee728b)
Start importing Assets/Art/Opening and Ending/Opening _ Ending screens/Screen of defeat Example.jpg using Guid(1728394f11ff8ca4e82d3122290aeb5d) Importer(815301076,1909f56bfc062723c751e8b465ee728b)  -> (artifact id: '572a338e8396129239f7f4a4c9beedc5') in 0.036284 seconds 
========================================================================
Received Import Request.
  Time since last request: 0.000409 seconds.
  path: Assets/Art/Opening and Ending/Opening _ Ending screens/logo.png
  artifactKey: Guid(adb9383c92253ec40911e60c5e1caf47) Importer(815301076,1909f56bfc062723c751e8b465ee728b)
Start importing Assets/Art/Opening and Ending/Opening _ Ending screens/logo.png using Guid(adb9383c92253ec40911e60c5e1caf47) Importer(815301076,1909f56bfc062723c751e8b465ee728b)  -> (artifact id: 'cfbb84680c1fc5a6d395c0b5e753dcb1') in 0.036319 seconds 
========================================================================
Received Import Request.
  Time since last request: 0.000326 seconds.
  path: Assets/Art/Opening and Ending/Opening _ Ending screens/START.png
  artifactKey: Guid(d8d68b50ac8a89248a1899d2400f084b) Importer(815301076,1909f56bfc062723c751e8b465ee728b)
Start importing Assets/Art/Opening and Ending/Opening _ Ending screens/START.png using Guid(d8d68b50ac8a89248a1899d2400f084b) Importer(815301076,1909f56bfc062723c751e8b465ee728b)  -> (artifact id: 'ea057c2b84916eda915b0af9698c7665') in 0.029455 seconds 
========================================================================
Received Import Request.
  Time since last request: 0.000356 seconds.
  path: Assets/Art/Opening and Ending/Opening _ Ending screens/Beautiful white flowers.png
  artifactKey: Guid(1e00af4756ae9674e96f8ca5e114cad7) Importer(815301076,1909f56bfc062723c751e8b465ee728b)
Start importing Assets/Art/Opening and Ending/Opening _ Ending screens/Beautiful white flowers.png using Guid(1e00af4756ae9674e96f8ca5e114cad7) Importer(815301076,1909f56bfc062723c751e8b465ee728b)  -> (artifact id: '07cf16b83cfd079c029b7716b290d290') in 0.041719 seconds 
========================================================================
Received Import Request.
  Time since last request: 0.000342 seconds.
  path: Assets/Art/Opening and Ending/Opening _ Ending screens/Screen of success Example.jpg
  artifactKey: Guid(9258e060c470bd64f80794843f5af402) Importer(815301076,1909f56bfc062723c751e8b465ee728b)
Start importing Assets/Art/Opening and Ending/Opening _ Ending screens/Screen of success Example.jpg using Guid(9258e060c470bd64f80794843f5af402) Importer(815301076,1909f56bfc062723c751e8b465ee728b)  -> (artifact id: '0410fb3960e6497f3294842ec27c734e') in 0.036379 seconds 
========================================================================
Received Import Request.
  Time since last request: 12.980489 seconds.
  path: Assets/Art/Heads/aztec head.png
  artifactKey: Guid(b3e9cb9fdcfe05f4e9874a69fccd9d03) Importer(815301076,1909f56bfc062723c751e8b465ee728b)
Start importing Assets/Art/Heads/aztec head.png using Guid(b3e9cb9fdcfe05f4e9874a69fccd9d03) Importer(815301076,1909f56bfc062723c751e8b465ee728b)  -> (artifact id: '5ad492de7ba49eaf59a83993bf3c5804') in 0.030710 seconds 
========================================================================
Received Import Request.
  Time since last request: 0.000483 seconds.
  path: Assets/Art/Heads/celtic head.png
  artifactKey: Guid(4df2be65c246629439b314df246382e4) Importer(815301076,1909f56bfc062723c751e8b465ee728b)
Start importing Assets/Art/Heads/celtic head.png using Guid(4df2be65c246629439b314df246382e4) Importer(815301076,1909f56bfc062723c751e8b465ee728b)  -> (artifact id: '6265c03c46ef130828eb6d35635fc695') in 0.030208 seconds 
========================================================================
Received Import Request.
  Time since last request: 0.000651 seconds.
  path: Assets/Art/Heads/celtic head LOCK.png
  artifactKey: Guid(dc6dc3958f15ba9459dee215d57fe5d4) Importer(815301076,1909f56bfc062723c751e8b465ee728b)
Start importing Assets/Art/Heads/celtic head LOCK.png using Guid(dc6dc3958f15ba9459dee215d57fe5d4) Importer(815301076,1909f56bfc062723c751e8b465ee728b)  -> (artifact id: 'beb1d19ce5b214b54d41f421dc4ab4f6') in 0.038957 seconds 
========================================================================
Received Import Request.
  Time since last request: 0.000402 seconds.
  path: Assets/Art/Heads/brazil head.png
  artifactKey: Guid(463b04d93ea445d41bc1c2ad3b4e68fe) Importer(815301076,1909f56bfc062723c751e8b465ee728b)
Start importing Assets/Art/Heads/brazil head.png using Guid(463b04d93ea445d41bc1c2ad3b4e68fe) Importer(815301076,1909f56bfc062723c751e8b465ee728b)  -> (artifact id: '88afba2f10918d8edb3891f87c25dfce') in 0.033777 seconds 
========================================================================
Received Import Request.
  Time since last request: 0.000354 seconds.
  path: Assets/Art/Heads/brazil head LOCK.png
  artifactKey: Guid(ef8e5dd88b945b642933163997ad9f43) Importer(815301076,1909f56bfc062723c751e8b465ee728b)
Start importing Assets/Art/Heads/brazil head LOCK.png using Guid(ef8e5dd88b945b642933163997ad9f43) Importer(815301076,1909f56bfc062723c751e8b465ee728b)  -> (artifact id: '7bb64459a10d8e272e390cde19068e32') in 0.031677 seconds 
========================================================================
Received Import Request.
  Time since last request: 0.000308 seconds.
  path: Assets/Art/Heads/aztec head LOCK.png
  artifactKey: Guid(31f59af9ed492ca47971ea8f91158310) Importer(815301076,1909f56bfc062723c751e8b465ee728b)
Start importing Assets/Art/Heads/aztec head LOCK.png using Guid(31f59af9ed492ca47971ea8f91158310) Importer(815301076,1909f56bfc062723c751e8b465ee728b)  -> (artifact id: 'd698efd1f95252cb9d77e28debe0300c') in 0.028674 seconds 
========================================================================
Received Import Request.
  Time since last request: 9.275290 seconds.
  path: Assets/Art/Opening and Ending/Opening _ Ending screens/Light for pedestal .png
  artifactKey: Guid(6b492758f539df04397b6747347e8877) Importer(815301076,1909f56bfc062723c751e8b465ee728b)
Start importing Assets/Art/Opening and Ending/Opening _ Ending screens/Light for pedestal .png using Guid(6b492758f539df04397b6747347e8877) Importer(815301076,1909f56bfc062723c751e8b465ee728b)  -> (artifact id: '5039f836df3f829fec2bad5c3345694b') in 0.025949 seconds 
========================================================================
Received Import Request.
  Time since last request: 39.530269 seconds.
  path: Assets/Art/Opening and Ending/Opening _ Ending screens/logo.png
  artifactKey: Guid(adb9383c92253ec40911e60c5e1caf47) Importer(815301076,1909f56bfc062723c751e8b465ee728b)
Start importing Assets/Art/Opening and Ending/Opening _ Ending screens/logo.png using Guid(adb9383c92253ec40911e60c5e1caf47) Importer(815301076,1909f56bfc062723c751e8b465ee728b)  -> (artifact id: '669673fba429d78d7fcb7774bf91070e') in 0.028138 seconds 
========================================================================
Received Import Request.
  Time since last request: 351.990762 seconds.
  path: Assets/Art/Opening and Ending/Opening _ Ending screens/About.png
  artifactKey: Guid(82af5d73da53e4f4f94fa80e0988133d) Importer(815301076,1909f56bfc062723c751e8b465ee728b)
Start importing Assets/Art/Opening and Ending/Opening _ Ending screens/About.png using Guid(82af5d73da53e4f4f94fa80e0988133d) Importer(815301076,1909f56bfc062723c751e8b465ee728b)  -> (artifact id: 'bce3b75fa6f2a6408e16dfbf04e80b3f') in 0.023737 seconds 
========================================================================
Received Import Request.
  Time since last request: 13.431123 seconds.
  path: Assets/Art/Opening and Ending/Opening _ Ending screens/START.png
  artifactKey: Guid(d8d68b50ac8a89248a1899d2400f084b) Importer(815301076,1909f56bfc062723c751e8b465ee728b)
Start importing Assets/Art/Opening and Ending/Opening _ Ending screens/START.png using Guid(d8d68b50ac8a89248a1899d2400f084b) Importer(815301076,1909f56bfc062723c751e8b465ee728b)  -> (artifact id: '51cfd89086bfa60fb841f673bd10a10a') in 0.019211 seconds 
========================================================================
Received Import Request.
  Time since last request: 77.113881 seconds.
  path: Assets/Art/Opening and Ending/Opening _ Ending screens/START.png
  artifactKey: Guid(d8d68b50ac8a89248a1899d2400f084b) Importer(815301076,1909f56bfc062723c751e8b465ee728b)
Start importing Assets/Art/Opening and Ending/Opening _ Ending screens/START.png using Guid(d8d68b50ac8a89248a1899d2400f084b) Importer(815301076,1909f56bfc062723c751e8b465ee728b)  -> (artifact id: '1ed15e59c90ae42ed15ad136910773ea') in 0.027017 seconds 
========================================================================
Received Import Request.
  Time since last request: 60.390118 seconds.
  path: Assets/Art/Opening and Ending/Opening _ Ending screens/About.png
  artifactKey: Guid(82af5d73da53e4f4f94fa80e0988133d) Importer(815301076,1909f56bfc062723c751e8b465ee728b)
Start importing Assets/Art/Opening and Ending/Opening _ Ending screens/About.png using Guid(82af5d73da53e4f4f94fa80e0988133d) Importer(815301076,1909f56bfc062723c751e8b465ee728b)  -> (artifact id: '15126397eafa413464b4519d21812724') in 0.033442 seconds 
========================================================================
Received Prepare
Registering precompiled user dll's ...
Registered in 0.005819 seconds.
Begin MonoManager ReloadAssembly
Symbol file LoadedFromMemory doesn't match image C:\Users\yuval\Documents\GitHub\Totem_Cnnanite\Library\PackageCache\com.unity.visualscripting@1.6.1\Editor\VisualScripting.Core\Dependencies\YamlDotNet\Unity.VisualScripting.YamlDotNet.dll
Symbol file LoadedFromMemory doesn't match image C:\Users\yuval\Documents\GitHub\Totem_Cnnanite\Library\PackageCache\com.unity.visualscripting@1.6.1\Editor\VisualScripting.Core\Dependencies\DotNetZip\Unity.VisualScripting.IonicZip.dll
Native extension for WindowsStandalone target not found
Refreshing native plugins compatible for Editor in 1.04 ms, found 4 plugins.
Preloading 0 native plugins for Editor in 0.00 ms.
Mono: successfully reloaded assembly
- Completed reload, in  1.854 seconds
Domain Reload Profiling:
	ReloadAssembly (1854ms)
		BeginReloadAssembly (196ms)
			ExecutionOrderSort (0ms)
			DisableScriptedObjects (10ms)
			BackupInstance (0ms)
			ReleaseScriptingObjects (0ms)
			CreateAndSetChildDomain (62ms)
		EndReloadAssembly (1562ms)
			LoadAssemblies (145ms)
			RebuildTransferFunctionScriptingTraits (0ms)
			SetupTypeCache (558ms)
			ReleaseScriptCaches (2ms)
			RebuildScriptCaches (102ms)
			SetupLoadedEditorAssemblies (514ms)
				LogAssemblyErrors (0ms)
				InitializePlatformSupportModulesInManaged (8ms)
				SetLoadedEditorAssemblies (1ms)
				RefreshPlugins (1ms)
				BeforeProcessingInitializeOnLoad (96ms)
				ProcessInitializeOnLoadAttributes (375ms)
				ProcessInitializeOnLoadMethodAttributes (21ms)
				AfterProcessingInitializeOnLoad (11ms)
				EditorAssembliesLoaded (0ms)
			ExecutionOrderSort2 (0ms)
			AwakeInstancesAfterBackupRestoration (31ms)
Platform modules already initialized, skipping
Refreshing native plugins compatible for Editor in 1.38 ms, found 4 plugins.
Preloading 0 native plugins for Editor in 0.00 ms.
Unloading 3768 Unused Serialized files (Serialized files now loaded: 0)
System memory in use before: 166.6 MB.
System memory in use after: 166.9 MB.

Unloading 18 unused Assets to reduce memory usage. Loaded Objects now: 4620.
Total: 5.586200 ms (FindLiveObjects: 0.417500 ms CreateObjectMapping: 0.235300 ms MarkObjects: 4.879900 ms  DeleteObjects: 0.051700 ms)

AssetImportParameters requested are different than current active one (requested -> active):
  custom:framework-win-MediaFoundation: 216162199b28c13a410421893ffa2e32 -> 
  custom:video-decoder-ogg-theora: a1e56fd34408186e4bbccfd4996cb3dc -> 
  custom:container-muxer-webm: aa71ff27fc2769a1b78a27578f13a17b -> 
  custom:container-demuxer-webm: 4f35f7cbe854078d1ac9338744f61a02 -> 
  custom:container-demuxer-ogg: 62fdf1f143b41e24485cea50d1cbac27 -> 
  custom:video-encoder-webm-vp8: eb34c28f22e8b96e1ab97ce403110664 -> 
  custom:video-codec-MediaFoundation-h265: 746d11721c4dcdbdad8f713fa42b33f4 -> 
  custom:video-decoder-webm-vp8: 9c59270c3fd7afecdb556c50c9e8de78 -> 
  custom:audio-decoder-ogg-vorbis: bf7c407c2cedff20999df2af8eb42d56 -> 
  custom:audio-encoder-webm-vorbis: bf7c407c2cedff20999df2af8eb42d56 -> 
========================================================================
Received Import Request.
  Time since last request: 737.941275 seconds.
  path: Assets/Music
  artifactKey: Guid(6cb4c2e105f27174fa9773649b49a019) Importer(815301076,1909f56bfc062723c751e8b465ee728b)
Start importing Assets/Music using Guid(6cb4c2e105f27174fa9773649b49a019) Importer(815301076,1909f56bfc062723c751e8b465ee728b)  -> (artifact id: '785d674edd0ccd45044c53d2f70e58b0') in 0.025831 seconds 
========================================================================
Received Import Request.
  Time since last request: 0.039715 seconds.
  path: Assets/Music/game over, crowd booing, tomatoes - on loop.mp3
  artifactKey: Guid(c20325f50b854ab42af4ff84dd5d397d) Importer(815301076,1909f56bfc062723c751e8b465ee728b)
Start importing Assets/Music/game over, crowd booing, tomatoes - on loop.mp3 using Guid(c20325f50b854ab42af4ff84dd5d397d) Importer(815301076,1909f56bfc062723c751e8b465ee728b)  -> (artifact id: '85f515106d675b2c5393509face61938') in 0.100059 seconds 
========================================================================
Received Import Request.
  Time since last request: 0.000331 seconds.
  path: Assets/Music/level win - the people clapping and cheering.mp3
  artifactKey: Guid(d2c2cc174528d1e45acf6f332db86259) Importer(815301076,1909f56bfc062723c751e8b465ee728b)
Start importing Assets/Music/level win - the people clapping and cheering.mp3 using Guid(d2c2cc174528d1e45acf6f332db86259) Importer(815301076,1909f56bfc062723c751e8b465ee728b)  -> (artifact id: 'b0f7455610b4a23114caa4985c187bc3') in 0.028900 seconds 
========================================================================
Received Import Request.
  Time since last request: 0.000698 seconds.
  path: Assets/Music/game win music.mp3
  artifactKey: Guid(1d9b92927b9f8f24bbcbdcaaa0efe742) Importer(815301076,1909f56bfc062723c751e8b465ee728b)
Start importing Assets/Music/game win music.mp3 using Guid(1d9b92927b9f8f24bbcbdcaaa0efe742) Importer(815301076,1909f56bfc062723c751e8b465ee728b)  -> (artifact id: '94748c5a0214ceaa01c0a92cd1dc546a') in 0.023223 seconds 
========================================================================
Received Import Request.
  Time since last request: 0.000434 seconds.
  path: Assets/Music/Main Music - on loop.mp3
  artifactKey: Guid(da5b6dab00f50d04881d250470cb634e) Importer(815301076,1909f56bfc062723c751e8b465ee728b)
Start importing Assets/Music/Main Music - on loop.mp3 using Guid(da5b6dab00f50d04881d250470cb634e) Importer(815301076,1909f56bfc062723c751e8b465ee728b)  -> (artifact id: '66db1e78a22b3b922085deabeb430f3f') in 0.028080 seconds 
========================================================================
Received Import Request.
  Time since last request: 4.842432 seconds.
  path: Assets/Music/buttons
  artifactKey: Guid(a1a7356baa5f2d9429fe5e84706fe57f) Importer(815301076,1909f56bfc062723c751e8b465ee728b)
Start importing Assets/Music/buttons using Guid(a1a7356baa5f2d9429fe5e84706fe57f) Importer(815301076,1909f56bfc062723c751e8b465ee728b)  -> (artifact id: '6e2f587fdc9de20fb8ee0a5b9254ea82') in 0.018566 seconds 
========================================================================
Received Import Request.
  Time since last request: 0.050811 seconds.
  path: Assets/Music/buttons/god creator buttons - click only.mp3
  artifactKey: Guid(a403b5c29f143234099b48243644fa79) Importer(815301076,1909f56bfc062723c751e8b465ee728b)
Start importing Assets/Music/buttons/god creator buttons - click only.mp3 using Guid(a403b5c29f143234099b48243644fa79) Importer(815301076,1909f56bfc062723c751e8b465ee728b)  -> (artifact id: '2c539652b922485aa2ea5397cac08d86') in 0.022019 seconds 
========================================================================
Received Import Request.
  Time since last request: 0.000336 seconds.
  path: Assets/Music/buttons/menu buttons - click.mp3
  artifactKey: Guid(186c618a414497249a95682bcdc2bc59) Importer(815301076,1909f56bfc062723c751e8b465ee728b)
Start importing Assets/Music/buttons/menu buttons - click.mp3 using Guid(186c618a414497249a95682bcdc2bc59) Importer(815301076,1909f56bfc062723c751e8b465ee728b)  -> (artifact id: 'f7559ddb3c1b19a5b57bc8ad04e82c32') in 0.026264 seconds 
========================================================================
Received Import Request.
  Time since last request: 0.000475 seconds.
  path: Assets/Music/buttons/menu buttons - hover.mp3
  artifactKey: Guid(6da206387d45c9040b6a096bc9583ecb) Importer(815301076,1909f56bfc062723c751e8b465ee728b)
Start importing Assets/Music/buttons/menu buttons - hover.mp3 using Guid(6da206387d45c9040b6a096bc9583ecb) Importer(815301076,1909f56bfc062723c751e8b465ee728b)  -> (artifact id: 'dd6a5b8285e85175d5ddf91627eb3798') in 0.029389 seconds 
========================================================================
Received Prepare
Registering precompiled user dll's ...
Registered in 0.005884 seconds.
Begin MonoManager ReloadAssembly
Symbol file LoadedFromMemory doesn't match image C:\Users\yuval\Documents\GitHub\Totem_Cnnanite\Library\PackageCache\com.unity.visualscripting@1.6.1\Editor\VisualScripting.Core\Dependencies\YamlDotNet\Unity.VisualScripting.YamlDotNet.dll
Symbol file LoadedFromMemory doesn't match image C:\Users\yuval\Documents\GitHub\Totem_Cnnanite\Library\PackageCache\com.unity.visualscripting@1.6.1\Editor\VisualScripting.Core\Dependencies\DotNetZip\Unity.VisualScripting.IonicZip.dll
Native extension for WindowsStandalone target not found
Refreshing native plugins compatible for Editor in 1.51 ms, found 4 plugins.
Preloading 0 native plugins for Editor in 0.00 ms.
Mono: successfully reloaded assembly
- Completed reload, in  1.314 seconds
Domain Reload Profiling:
	ReloadAssembly (1315ms)
		BeginReloadAssembly (177ms)
			ExecutionOrderSort (0ms)
			DisableScriptedObjects (11ms)
			BackupInstance (0ms)
			ReleaseScriptingObjects (0ms)
			CreateAndSetChildDomain (75ms)
		EndReloadAssembly (1063ms)
			LoadAssemblies (105ms)
			RebuildTransferFunctionScriptingTraits (0ms)
			SetupTypeCache (397ms)
			ReleaseScriptCaches (2ms)
			RebuildScriptCaches (55ms)
			SetupLoadedEditorAssemblies (374ms)
				LogAssemblyErrors (0ms)
				InitializePlatformSupportModulesInManaged (5ms)
				SetLoadedEditorAssemblies (1ms)
				RefreshPlugins (2ms)
				BeforeProcessingInitializeOnLoad (91ms)
				ProcessInitializeOnLoadAttributes (261ms)
				ProcessInitializeOnLoadMethodAttributes (10ms)
				AfterProcessingInitializeOnLoad (5ms)
				EditorAssembliesLoaded (0ms)
			ExecutionOrderSort2 (0ms)
			AwakeInstancesAfterBackupRestoration (19ms)
Platform modules already initialized, skipping
Refreshing native plugins compatible for Editor in 0.95 ms, found 4 plugins.
Preloading 0 native plugins for Editor in 0.00 ms.
Unloading 3748 Unused Serialized files (Serialized files now loaded: 0)
System memory in use before: 165.9 MB.
System memory in use after: 166.2 MB.

Unloading 18 unused Assets to reduce memory usage. Loaded Objects now: 4629.
Total: 4.033800 ms (FindLiveObjects: 0.343100 ms CreateObjectMapping: 0.159000 ms MarkObjects: 3.510500 ms  DeleteObjects: 0.020000 ms)

AssetImportParameters requested are different than current active one (requested -> active):
  custom:framework-win-MediaFoundation: 216162199b28c13a410421893ffa2e32 -> 
  custom:video-decoder-ogg-theora: a1e56fd34408186e4bbccfd4996cb3dc -> 
  custom:container-muxer-webm: aa71ff27fc2769a1b78a27578f13a17b -> 
  custom:container-demuxer-webm: 4f35f7cbe854078d1ac9338744f61a02 -> 
  custom:container-demuxer-ogg: 62fdf1f143b41e24485cea50d1cbac27 -> 
  custom:video-encoder-webm-vp8: eb34c28f22e8b96e1ab97ce403110664 -> 
  custom:video-codec-MediaFoundation-h265: 746d11721c4dcdbdad8f713fa42b33f4 -> 
  custom:video-decoder-webm-vp8: 9c59270c3fd7afecdb556c50c9e8de78 -> 
  custom:audio-decoder-ogg-vorbis: bf7c407c2cedff20999df2af8eb42d56 -> 
  custom:audio-encoder-webm-vorbis: bf7c407c2cedff20999df2af8eb42d56 -> 
========================================================================
Received Prepare
Registering precompiled user dll's ...
Registered in 0.004983 seconds.
Begin MonoManager ReloadAssembly
Symbol file LoadedFromMemory doesn't match image C:\Users\yuval\Documents\GitHub\Totem_Cnnanite\Library\PackageCache\com.unity.visualscripting@1.6.1\Editor\VisualScripting.Core\Dependencies\YamlDotNet\Unity.VisualScripting.YamlDotNet.dll
Symbol file LoadedFromMemory doesn't match image C:\Users\yuval\Documents\GitHub\Totem_Cnnanite\Library\PackageCache\com.unity.visualscripting@1.6.1\Editor\VisualScripting.Core\Dependencies\DotNetZip\Unity.VisualScripting.IonicZip.dll
Native extension for WindowsStandalone target not found
Refreshing native plugins compatible for Editor in 0.83 ms, found 4 plugins.
Preloading 0 native plugins for Editor in 0.00 ms.
Mono: successfully reloaded assembly
- Completed reload, in  1.377 seconds
Domain Reload Profiling:
	ReloadAssembly (1377ms)
		BeginReloadAssembly (154ms)
			ExecutionOrderSort (0ms)
			DisableScriptedObjects (11ms)
			BackupInstance (0ms)
			ReleaseScriptingObjects (0ms)
			CreateAndSetChildDomain (51ms)
		EndReloadAssembly (1153ms)
			LoadAssemblies (111ms)
			RebuildTransferFunctionScriptingTraits (0ms)
			SetupTypeCache (406ms)
			ReleaseScriptCaches (2ms)
			RebuildScriptCaches (58ms)
			SetupLoadedEditorAssemblies (435ms)
				LogAssemblyErrors (0ms)
				InitializePlatformSupportModulesInManaged (7ms)
				SetLoadedEditorAssemblies (1ms)
				RefreshPlugins (1ms)
				BeforeProcessingInitializeOnLoad (83ms)
				ProcessInitializeOnLoadAttributes (324ms)
				ProcessInitializeOnLoadMethodAttributes (13ms)
				AfterProcessingInitializeOnLoad (6ms)
				EditorAssembliesLoaded (0ms)
			ExecutionOrderSort2 (0ms)
			AwakeInstancesAfterBackupRestoration (26ms)
Platform modules already initialized, skipping
Refreshing native plugins compatible for Editor in 0.91 ms, found 4 plugins.
Preloading 0 native plugins for Editor in 0.00 ms.
Unloading 3748 Unused Serialized files (Serialized files now loaded: 0)
System memory in use before: 166.0 MB.
System memory in use after: 166.2 MB.

Unloading 18 unused Assets to reduce memory usage. Loaded Objects now: 4632.
Total: 4.270300 ms (FindLiveObjects: 0.382400 ms CreateObjectMapping: 0.198700 ms MarkObjects: 3.662600 ms  DeleteObjects: 0.024400 ms)

AssetImportParameters requested are different than current active one (requested -> active):
  custom:framework-win-MediaFoundation: 216162199b28c13a410421893ffa2e32 -> 
  custom:video-decoder-ogg-theora: a1e56fd34408186e4bbccfd4996cb3dc -> 
  custom:container-muxer-webm: aa71ff27fc2769a1b78a27578f13a17b -> 
  custom:container-demuxer-webm: 4f35f7cbe854078d1ac9338744f61a02 -> 
  custom:container-demuxer-ogg: 62fdf1f143b41e24485cea50d1cbac27 -> 
  custom:video-encoder-webm-vp8: eb34c28f22e8b96e1ab97ce403110664 -> 
  custom:video-codec-MediaFoundation-h265: 746d11721c4dcdbdad8f713fa42b33f4 -> 
  custom:video-decoder-webm-vp8: 9c59270c3fd7afecdb556c50c9e8de78 -> 
  custom:audio-decoder-ogg-vorbis: bf7c407c2cedff20999df2af8eb42d56 -> 
  custom:audio-encoder-webm-vorbis: bf7c407c2cedff20999df2af8eb42d56 -> 
========================================================================
Received Prepare
Registering precompiled user dll's ...
Registered in 0.006244 seconds.
Begin MonoManager ReloadAssembly
Symbol file LoadedFromMemory doesn't match image C:\Users\yuval\Documents\GitHub\Totem_Cnnanite\Library\PackageCache\com.unity.visualscripting@1.6.1\Editor\VisualScripting.Core\Dependencies\YamlDotNet\Unity.VisualScripting.YamlDotNet.dll
Symbol file LoadedFromMemory doesn't match image C:\Users\yuval\Documents\GitHub\Totem_Cnnanite\Library\PackageCache\com.unity.visualscripting@1.6.1\Editor\VisualScripting.Core\Dependencies\DotNetZip\Unity.VisualScripting.IonicZip.dll
Native extension for WindowsStandalone target not found
Refreshing native plugins compatible for Editor in 1.04 ms, found 4 plugins.
Preloading 0 native plugins for Editor in 0.00 ms.
Mono: successfully reloaded assembly
- Completed reload, in  1.451 seconds
Domain Reload Profiling:
	ReloadAssembly (1451ms)
		BeginReloadAssembly (155ms)
			ExecutionOrderSort (0ms)
			DisableScriptedObjects (14ms)
			BackupInstance (0ms)
			ReleaseScriptingObjects (0ms)
			CreateAndSetChildDomain (51ms)
		EndReloadAssembly (1227ms)
			LoadAssemblies (113ms)
			RebuildTransferFunctionScriptingTraits (0ms)
			SetupTypeCache (474ms)
			ReleaseScriptCaches (2ms)
			RebuildScriptCaches (64ms)
			SetupLoadedEditorAssemblies (439ms)
				LogAssemblyErrors (0ms)
				InitializePlatformSupportModulesInManaged (6ms)
				SetLoadedEditorAssemblies (1ms)
				RefreshPlugins (1ms)
				BeforeProcessingInitializeOnLoad (88ms)
				ProcessInitializeOnLoadAttributes (326ms)
				ProcessInitializeOnLoadMethodAttributes (11ms)
				AfterProcessingInitializeOnLoad (5ms)
				EditorAssembliesLoaded (0ms)
			ExecutionOrderSort2 (0ms)
			AwakeInstancesAfterBackupRestoration (22ms)
Platform modules already initialized, skipping
Refreshing native plugins compatible for Editor in 0.95 ms, found 4 plugins.
Preloading 0 native plugins for Editor in 0.00 ms.
Unloading 3748 Unused Serialized files (Serialized files now loaded: 0)
System memory in use before: 166.0 MB.
System memory in use after: 166.3 MB.

Unloading 18 unused Assets to reduce memory usage. Loaded Objects now: 4635.
Total: 4.324100 ms (FindLiveObjects: 0.332700 ms CreateObjectMapping: 0.197800 ms MarkObjects: 3.763300 ms  DeleteObjects: 0.028100 ms)

AssetImportParameters requested are different than current active one (requested -> active):
  custom:framework-win-MediaFoundation: 216162199b28c13a410421893ffa2e32 -> 
  custom:video-decoder-ogg-theora: a1e56fd34408186e4bbccfd4996cb3dc -> 
  custom:container-muxer-webm: aa71ff27fc2769a1b78a27578f13a17b -> 
  custom:container-demuxer-webm: 4f35f7cbe854078d1ac9338744f61a02 -> 
  custom:container-demuxer-ogg: 62fdf1f143b41e24485cea50d1cbac27 -> 
  custom:video-encoder-webm-vp8: eb34c28f22e8b96e1ab97ce403110664 -> 
  custom:video-codec-MediaFoundation-h265: 746d11721c4dcdbdad8f713fa42b33f4 -> 
  custom:video-decoder-webm-vp8: 9c59270c3fd7afecdb556c50c9e8de78 -> 
  custom:audio-decoder-ogg-vorbis: bf7c407c2cedff20999df2af8eb42d56 -> 
  custom:audio-encoder-webm-vorbis: bf7c407c2cedff20999df2af8eb42d56 -> 
========================================================================
Received Prepare
Registering precompiled user dll's ...
Registered in 0.004878 seconds.
Begin MonoManager ReloadAssembly
Symbol file LoadedFromMemory doesn't match image C:\Users\yuval\Documents\GitHub\Totem_Cnnanite\Library\PackageCache\com.unity.visualscripting@1.6.1\Editor\VisualScripting.Core\Dependencies\YamlDotNet\Unity.VisualScripting.YamlDotNet.dll
Symbol file LoadedFromMemory doesn't match image C:\Users\yuval\Documents\GitHub\Totem_Cnnanite\Library\PackageCache\com.unity.visualscripting@1.6.1\Editor\VisualScripting.Core\Dependencies\DotNetZip\Unity.VisualScripting.IonicZip.dll
Native extension for WindowsStandalone target not found
Refreshing native plugins compatible for Editor in 0.73 ms, found 4 plugins.
Preloading 0 native plugins for Editor in 0.00 ms.
Mono: successfully reloaded assembly
- Completed reload, in  1.336 seconds
Domain Reload Profiling:
	ReloadAssembly (1336ms)
		BeginReloadAssembly (153ms)
			ExecutionOrderSort (0ms)
			DisableScriptedObjects (11ms)
			BackupInstance (0ms)
			ReleaseScriptingObjects (0ms)
			CreateAndSetChildDomain (54ms)
		EndReloadAssembly (1108ms)
			LoadAssemblies (110ms)
			RebuildTransferFunctionScriptingTraits (0ms)
			SetupTypeCache (414ms)
			ReleaseScriptCaches (2ms)
			RebuildScriptCaches (54ms)
			SetupLoadedEditorAssemblies (389ms)
				LogAssemblyErrors (0ms)
				InitializePlatformSupportModulesInManaged (6ms)
				SetLoadedEditorAssemblies (1ms)
				RefreshPlugins (1ms)
				BeforeProcessingInitializeOnLoad (87ms)
				ProcessInitializeOnLoadAttributes (275ms)
				ProcessInitializeOnLoadMethodAttributes (13ms)
				AfterProcessingInitializeOnLoad (5ms)
				EditorAssembliesLoaded (0ms)
			ExecutionOrderSort2 (0ms)
			AwakeInstancesAfterBackupRestoration (22ms)
Platform modules already initialized, skipping
Refreshing native plugins compatible for Editor in 1.07 ms, found 4 plugins.
Preloading 0 native plugins for Editor in 0.00 ms.
Unloading 3748 Unused Serialized files (Serialized files now loaded: 0)
System memory in use before: 166.1 MB.
System memory in use after: 166.3 MB.

Unloading 18 unused Assets to reduce memory usage. Loaded Objects now: 4638.
Total: 4.185100 ms (FindLiveObjects: 0.366400 ms CreateObjectMapping: 0.198200 ms MarkObjects: 3.593000 ms  DeleteObjects: 0.025700 ms)

AssetImportParameters requested are different than current active one (requested -> active):
  custom:framework-win-MediaFoundation: 216162199b28c13a410421893ffa2e32 -> 
  custom:video-decoder-ogg-theora: a1e56fd34408186e4bbccfd4996cb3dc -> 
  custom:container-muxer-webm: aa71ff27fc2769a1b78a27578f13a17b -> 
  custom:container-demuxer-webm: 4f35f7cbe854078d1ac9338744f61a02 -> 
  custom:container-demuxer-ogg: 62fdf1f143b41e24485cea50d1cbac27 -> 
  custom:video-encoder-webm-vp8: eb34c28f22e8b96e1ab97ce403110664 -> 
  custom:video-codec-MediaFoundation-h265: 746d11721c4dcdbdad8f713fa42b33f4 -> 
  custom:video-decoder-webm-vp8: 9c59270c3fd7afecdb556c50c9e8de78 -> 
  custom:audio-decoder-ogg-vorbis: bf7c407c2cedff20999df2af8eb42d56 -> 
  custom:audio-encoder-webm-vorbis: bf7c407c2cedff20999df2af8eb42d56 -> 
========================================================================
Received Prepare
Registering precompiled user dll's ...
Registered in 0.004968 seconds.
Begin MonoManager ReloadAssembly
Symbol file LoadedFromMemory doesn't match image C:\Users\yuval\Documents\GitHub\Totem_Cnnanite\Library\PackageCache\com.unity.visualscripting@1.6.1\Editor\VisualScripting.Core\Dependencies\YamlDotNet\Unity.VisualScripting.YamlDotNet.dll
Symbol file LoadedFromMemory doesn't match image C:\Users\yuval\Documents\GitHub\Totem_Cnnanite\Library\PackageCache\com.unity.visualscripting@1.6.1\Editor\VisualScripting.Core\Dependencies\DotNetZip\Unity.VisualScripting.IonicZip.dll
Native extension for WindowsStandalone target not found
Refreshing native plugins compatible for Editor in 1.18 ms, found 4 plugins.
Preloading 0 native plugins for Editor in 0.00 ms.
Mono: successfully reloaded assembly
- Completed reload, in  1.382 seconds
Domain Reload Profiling:
	ReloadAssembly (1382ms)
		BeginReloadAssembly (149ms)
			ExecutionOrderSort (0ms)
			DisableScriptedObjects (11ms)
			BackupInstance (0ms)
			ReleaseScriptingObjects (0ms)
			CreateAndSetChildDomain (50ms)
		EndReloadAssembly (1159ms)
			LoadAssemblies (108ms)
			RebuildTransferFunctionScriptingTraits (0ms)
			SetupTypeCache (404ms)
			ReleaseScriptCaches (2ms)
			RebuildScriptCaches (78ms)
			SetupLoadedEditorAssemblies (384ms)
				LogAssemblyErrors (0ms)
				InitializePlatformSupportModulesInManaged (6ms)
				SetLoadedEditorAssemblies (1ms)
				RefreshPlugins (1ms)
				BeforeProcessingInitializeOnLoad (79ms)
				ProcessInitializeOnLoadAttributes (280ms)
				ProcessInitializeOnLoadMethodAttributes (13ms)
				AfterProcessingInitializeOnLoad (5ms)
				EditorAssembliesLoaded (0ms)
			ExecutionOrderSort2 (0ms)
			AwakeInstancesAfterBackupRestoration (25ms)
Platform modules already initialized, skipping
Refreshing native plugins compatible for Editor in 0.83 ms, found 4 plugins.
Preloading 0 native plugins for Editor in 0.00 ms.
Unloading 3748 Unused Serialized files (Serialized files now loaded: 0)
System memory in use before: 166.1 MB.
System memory in use after: 166.3 MB.

Unloading 18 unused Assets to reduce memory usage. Loaded Objects now: 4641.
Total: 4.719700 ms (FindLiveObjects: 0.374600 ms CreateObjectMapping: 0.193800 ms MarkObjects: 4.118400 ms  DeleteObjects: 0.031000 ms)

AssetImportParameters requested are different than current active one (requested -> active):
  custom:framework-win-MediaFoundation: 216162199b28c13a410421893ffa2e32 -> 
  custom:video-decoder-ogg-theora: a1e56fd34408186e4bbccfd4996cb3dc -> 
  custom:container-muxer-webm: aa71ff27fc2769a1b78a27578f13a17b -> 
  custom:container-demuxer-webm: 4f35f7cbe854078d1ac9338744f61a02 -> 
  custom:container-demuxer-ogg: 62fdf1f143b41e24485cea50d1cbac27 -> 
  custom:video-encoder-webm-vp8: eb34c28f22e8b96e1ab97ce403110664 -> 
  custom:video-codec-MediaFoundation-h265: 746d11721c4dcdbdad8f713fa42b33f4 -> 
  custom:video-decoder-webm-vp8: 9c59270c3fd7afecdb556c50c9e8de78 -> 
  custom:audio-decoder-ogg-vorbis: bf7c407c2cedff20999df2af8eb42d56 -> 
  custom:audio-encoder-webm-vorbis: bf7c407c2cedff20999df2af8eb42d56 -> 
========================================================================
Received Prepare
Registering precompiled user dll's ...
Registered in 0.004356 seconds.
Begin MonoManager ReloadAssembly
Symbol file LoadedFromMemory doesn't match image C:\Users\yuval\Documents\GitHub\Totem_Cnnanite\Library\PackageCache\com.unity.visualscripting@1.6.1\Editor\VisualScripting.Core\Dependencies\YamlDotNet\Unity.VisualScripting.YamlDotNet.dll
Symbol file LoadedFromMemory doesn't match image C:\Users\yuval\Documents\GitHub\Totem_Cnnanite\Library\PackageCache\com.unity.visualscripting@1.6.1\Editor\VisualScripting.Core\Dependencies\DotNetZip\Unity.VisualScripting.IonicZip.dll
Native extension for WindowsStandalone target not found
Refreshing native plugins compatible for Editor in 1.11 ms, found 4 plugins.
Preloading 0 native plugins for Editor in 0.00 ms.
Mono: successfully reloaded assembly
- Completed reload, in  2.252 seconds
Domain Reload Profiling:
	ReloadAssembly (2252ms)
		BeginReloadAssembly (260ms)
			ExecutionOrderSort (0ms)
			DisableScriptedObjects (16ms)
			BackupInstance (0ms)
			ReleaseScriptingObjects (0ms)
			CreateAndSetChildDomain (88ms)
		EndReloadAssembly (1866ms)
			LoadAssemblies (196ms)
			RebuildTransferFunctionScriptingTraits (0ms)
			SetupTypeCache (707ms)
			ReleaseScriptCaches (2ms)
			RebuildScriptCaches (82ms)
			SetupLoadedEditorAssemblies (684ms)
				LogAssemblyErrors (0ms)
				InitializePlatformSupportModulesInManaged (11ms)
				SetLoadedEditorAssemblies (1ms)
				RefreshPlugins (1ms)
				BeforeProcessingInitializeOnLoad (172ms)
				ProcessInitializeOnLoadAttributes (473ms)
				ProcessInitializeOnLoadMethodAttributes (16ms)
				AfterProcessingInitializeOnLoad (9ms)
				EditorAssembliesLoaded (0ms)
			ExecutionOrderSort2 (0ms)
			AwakeInstancesAfterBackupRestoration (34ms)
Platform modules already initialized, skipping
Refreshing native plugins compatible for Editor in 1.16 ms, found 4 plugins.
Preloading 0 native plugins for Editor in 0.00 ms.
Unloading 3748 Unused Serialized files (Serialized files now loaded: 0)
System memory in use before: 166.1 MB.
System memory in use after: 166.4 MB.

Unloading 18 unused Assets to reduce memory usage. Loaded Objects now: 4644.
Total: 8.460700 ms (FindLiveObjects: 0.477700 ms CreateObjectMapping: 0.290600 ms MarkObjects: 7.623300 ms  DeleteObjects: 0.065500 ms)

AssetImportParameters requested are different than current active one (requested -> active):
  custom:framework-win-MediaFoundation: 216162199b28c13a410421893ffa2e32 -> 
  custom:video-decoder-ogg-theora: a1e56fd34408186e4bbccfd4996cb3dc -> 
  custom:container-muxer-webm: aa71ff27fc2769a1b78a27578f13a17b -> 
  custom:container-demuxer-webm: 4f35f7cbe854078d1ac9338744f61a02 -> 
  custom:container-demuxer-ogg: 62fdf1f143b41e24485cea50d1cbac27 -> 
  custom:video-encoder-webm-vp8: eb34c28f22e8b96e1ab97ce403110664 -> 
  custom:video-codec-MediaFoundation-h265: 746d11721c4dcdbdad8f713fa42b33f4 -> 
  custom:video-decoder-webm-vp8: 9c59270c3fd7afecdb556c50c9e8de78 -> 
  custom:audio-decoder-ogg-vorbis: bf7c407c2cedff20999df2af8eb42d56 -> 
  custom:audio-encoder-webm-vorbis: bf7c407c2cedff20999df2af8eb42d56 -> 
AssetImportWorkerClient::OnTransportError - code=2 error=End of file
